Calling target program-options parser
[10:13:18.907] [bmv2] [D] [thread 103088] Set default default entry for table 'MyIngress.ipv4_lpm': MyIngress.drop - 
[10:13:18.907] [bmv2] [D] [thread 103088] Set default default entry for table 'MyIngress.kvs': MyIngress.drop - 
[10:13:18.907] [bmv2] [D] [thread 103088] Set default default entry for table 'tbl_ms1l235': ms1l235 - 
Adding interface s1-eth1 as port 1
[10:13:18.909] [bmv2] [D] [thread 103088] Adding interface s1-eth1 as port 1
Server listening on 0.0.0.0:50051
[10:13:18.960] [bmv2] [I] [thread 103088] Starting Thrift server on port 9090
[10:13:18.960] [bmv2] [I] [thread 103088] Thrift server was started
[10:13:19.181] [bmv2] [D] [thread 103109] [0.0] [cxt 0] Processing packet received on port 1
[10:13:19.181] [bmv2] [D] [thread 103109] [0.0] [cxt 0] Parser 'parser': start
[10:13:19.181] [bmv2] [D] [thread 103109] [0.0] [cxt 0] Parser 'parser' entering state 'start'
[10:13:19.181] [bmv2] [D] [thread 103109] [0.0] [cxt 0] Extracting header 'ethernet'
[10:13:19.181] [bmv2] [D] [thread 103109] [0.0] [cxt 0] Parser state 'start': key is 86dd
[10:13:19.181] [bmv2] [T] [thread 103109] [0.0] [cxt 0] Bytes parsed: 14
[10:13:19.181] [bmv2] [D] [thread 103109] [0.0] [cxt 0] Parser 'parser': end
[10:13:19.181] [bmv2] [D] [thread 103109] [0.0] [cxt 0] Pipeline 'ingress': start
[10:13:19.181] [bmv2] [T] [thread 103109] [0.0] [cxt 0] ms1.p4(216) Condition "hdr.response[0].isValid()" (node_2) is false
[10:13:19.181] [bmv2] [D] [thread 103109] [0.0] [cxt 0] Pipeline 'ingress': end
[10:13:19.181] [bmv2] [D] [thread 103109] [0.0] [cxt 0] Egress port is 0
[10:13:19.182] [bmv2] [D] [thread 103110] [0.0] [cxt 0] Pipeline 'egress': start
[10:13:19.182] [bmv2] [T] [thread 103110] [0.0] [cxt 0] ms1.p4(233) Condition "hdr.response[0].isValid() && hdr.kvs.op == 3" (node_7) is false
[10:13:19.182] [bmv2] [D] [thread 103110] [0.0] [cxt 0] Pipeline 'egress': end
[10:13:19.182] [bmv2] [D] [thread 103110] [0.0] [cxt 0] Deparser 'deparser': start
[10:13:19.182] [bmv2] [T] [thread 103110] [0.0] [cxt 0] Skipping checksum 'cksum' update because condition not met
[10:13:19.182] [bmv2] [D] [thread 103110] [0.0] [cxt 0] Deparsing header 'ethernet'
[10:13:19.182] [bmv2] [D] [thread 103110] [0.0] [cxt 0] Deparser 'deparser': end
[10:13:19.182] [bmv2] [D] [thread 103114] [0.0] [cxt 0] Transmitting packet of size 90 out of port 0
[10:13:19.371] [bmv2] [D] [thread 103109] [1.0] [cxt 0] Processing packet received on port 1
[10:13:19.371] [bmv2] [D] [thread 103109] [1.0] [cxt 0] Parser 'parser': start
[10:13:19.371] [bmv2] [D] [thread 103109] [1.0] [cxt 0] Parser 'parser' entering state 'start'
[10:13:19.371] [bmv2] [D] [thread 103109] [1.0] [cxt 0] Extracting header 'ethernet'
[10:13:19.371] [bmv2] [D] [thread 103109] [1.0] [cxt 0] Parser state 'start': key is 86dd
[10:13:19.371] [bmv2] [T] [thread 103109] [1.0] [cxt 0] Bytes parsed: 14
[10:13:19.371] [bmv2] [D] [thread 103109] [1.0] [cxt 0] Parser 'parser': end
[10:13:19.371] [bmv2] [D] [thread 103109] [1.0] [cxt 0] Pipeline 'ingress': start
[10:13:19.371] [bmv2] [T] [thread 103109] [1.0] [cxt 0] ms1.p4(216) Condition "hdr.response[0].isValid()" (node_2) is false
[10:13:19.371] [bmv2] [D] [thread 103109] [1.0] [cxt 0] Pipeline 'ingress': end
[10:13:19.371] [bmv2] [D] [thread 103109] [1.0] [cxt 0] Egress port is 0
[10:13:19.371] [bmv2] [D] [thread 103110] [1.0] [cxt 0] Pipeline 'egress': start
[10:13:19.371] [bmv2] [T] [thread 103110] [1.0] [cxt 0] ms1.p4(233) Condition "hdr.response[0].isValid() && hdr.kvs.op == 3" (node_7) is false
[10:13:19.371] [bmv2] [D] [thread 103110] [1.0] [cxt 0] Pipeline 'egress': end
[10:13:19.371] [bmv2] [D] [thread 103110] [1.0] [cxt 0] Deparser 'deparser': start
[10:13:19.371] [bmv2] [T] [thread 103110] [1.0] [cxt 0] Skipping checksum 'cksum' update because condition not met
[10:13:19.371] [bmv2] [D] [thread 103110] [1.0] [cxt 0] Deparsing header 'ethernet'
[10:13:19.371] [bmv2] [D] [thread 103110] [1.0] [cxt 0] Deparser 'deparser': end
[10:13:19.371] [bmv2] [D] [thread 103114] [1.0] [cxt 0] Transmitting packet of size 86 out of port 0
[10:13:20.391] [bmv2] [D] [thread 103109] [2.0] [cxt 0] Processing packet received on port 1
[10:13:20.391] [bmv2] [D] [thread 103109] [2.0] [cxt 0] Parser 'parser': start
[10:13:20.391] [bmv2] [D] [thread 103109] [2.0] [cxt 0] Parser 'parser' entering state 'start'
[10:13:20.391] [bmv2] [D] [thread 103109] [2.0] [cxt 0] Extracting header 'ethernet'
[10:13:20.391] [bmv2] [D] [thread 103109] [2.0] [cxt 0] Parser state 'start': key is 86dd
[10:13:20.391] [bmv2] [T] [thread 103109] [2.0] [cxt 0] Bytes parsed: 14
[10:13:20.391] [bmv2] [D] [thread 103109] [2.0] [cxt 0] Parser 'parser': end
[10:13:20.391] [bmv2] [D] [thread 103109] [2.0] [cxt 0] Pipeline 'ingress': start
[10:13:20.391] [bmv2] [T] [thread 103109] [2.0] [cxt 0] ms1.p4(216) Condition "hdr.response[0].isValid()" (node_2) is false
[10:13:20.391] [bmv2] [D] [thread 103109] [2.0] [cxt 0] Pipeline 'ingress': end
[10:13:20.391] [bmv2] [D] [thread 103109] [2.0] [cxt 0] Egress port is 0
[10:13:20.391] [bmv2] [D] [thread 103110] [2.0] [cxt 0] Pipeline 'egress': start
[10:13:20.391] [bmv2] [T] [thread 103110] [2.0] [cxt 0] ms1.p4(233) Condition "hdr.response[0].isValid() && hdr.kvs.op == 3" (node_7) is false
[10:13:20.391] [bmv2] [D] [thread 103110] [2.0] [cxt 0] Pipeline 'egress': end
[10:13:20.391] [bmv2] [D] [thread 103110] [2.0] [cxt 0] Deparser 'deparser': start
[10:13:20.391] [bmv2] [T] [thread 103110] [2.0] [cxt 0] Skipping checksum 'cksum' update because condition not met
[10:13:20.391] [bmv2] [D] [thread 103110] [2.0] [cxt 0] Deparsing header 'ethernet'
[10:13:20.391] [bmv2] [D] [thread 103110] [2.0] [cxt 0] Deparser 'deparser': end
[10:13:20.392] [bmv2] [D] [thread 103114] [2.0] [cxt 0] Transmitting packet of size 90 out of port 0
[10:13:20.398] [bmv2] [D] [thread 103109] [3.0] [cxt 0] Processing packet received on port 1
[10:13:20.398] [bmv2] [D] [thread 103109] [3.0] [cxt 0] Parser 'parser': start
[10:13:20.398] [bmv2] [D] [thread 103109] [3.0] [cxt 0] Parser 'parser' entering state 'start'
[10:13:20.398] [bmv2] [D] [thread 103109] [3.0] [cxt 0] Extracting header 'ethernet'
[10:13:20.398] [bmv2] [D] [thread 103109] [3.0] [cxt 0] Parser state 'start': key is 86dd
[10:13:20.398] [bmv2] [T] [thread 103109] [3.0] [cxt 0] Bytes parsed: 14
[10:13:20.398] [bmv2] [D] [thread 103109] [3.0] [cxt 0] Parser 'parser': end
[10:13:20.398] [bmv2] [D] [thread 103109] [3.0] [cxt 0] Pipeline 'ingress': start
[10:13:20.398] [bmv2] [T] [thread 103109] [3.0] [cxt 0] ms1.p4(216) Condition "hdr.response[0].isValid()" (node_2) is false
[10:13:20.398] [bmv2] [D] [thread 103109] [3.0] [cxt 0] Pipeline 'ingress': end
[10:13:20.398] [bmv2] [D] [thread 103109] [3.0] [cxt 0] Egress port is 0
[10:13:20.398] [bmv2] [D] [thread 103110] [3.0] [cxt 0] Pipeline 'egress': start
[10:13:20.398] [bmv2] [T] [thread 103110] [3.0] [cxt 0] ms1.p4(233) Condition "hdr.response[0].isValid() && hdr.kvs.op == 3" (node_7) is false
[10:13:20.398] [bmv2] [D] [thread 103110] [3.0] [cxt 0] Pipeline 'egress': end
[10:13:20.398] [bmv2] [D] [thread 103110] [3.0] [cxt 0] Deparser 'deparser': start
[10:13:20.398] [bmv2] [T] [thread 103110] [3.0] [cxt 0] Skipping checksum 'cksum' update because condition not met
[10:13:20.398] [bmv2] [D] [thread 103110] [3.0] [cxt 0] Deparsing header 'ethernet'
[10:13:20.398] [bmv2] [D] [thread 103110] [3.0] [cxt 0] Deparser 'deparser': end
[10:13:20.398] [bmv2] [D] [thread 103114] [3.0] [cxt 0] Transmitting packet of size 70 out of port 0
[10:13:20.403] [bmv2] [D] [thread 103109] [4.0] [cxt 0] Processing packet received on port 1
[10:13:20.403] [bmv2] [D] [thread 103109] [4.0] [cxt 0] Parser 'parser': start
[10:13:20.403] [bmv2] [D] [thread 103109] [4.0] [cxt 0] Parser 'parser' entering state 'start'
[10:13:20.403] [bmv2] [D] [thread 103109] [4.0] [cxt 0] Extracting header 'ethernet'
[10:13:20.403] [bmv2] [D] [thread 103109] [4.0] [cxt 0] Parser state 'start': key is 86dd
[10:13:20.403] [bmv2] [T] [thread 103109] [4.0] [cxt 0] Bytes parsed: 14
[10:13:20.403] [bmv2] [D] [thread 103109] [4.0] [cxt 0] Parser 'parser': end
[10:13:20.403] [bmv2] [D] [thread 103109] [4.0] [cxt 0] Pipeline 'ingress': start
[10:13:20.403] [bmv2] [T] [thread 103109] [4.0] [cxt 0] ms1.p4(216) Condition "hdr.response[0].isValid()" (node_2) is false
[10:13:20.403] [bmv2] [D] [thread 103109] [4.0] [cxt 0] Pipeline 'ingress': end
[10:13:20.403] [bmv2] [D] [thread 103109] [4.0] [cxt 0] Egress port is 0
[10:13:20.403] [bmv2] [D] [thread 103110] [4.0] [cxt 0] Pipeline 'egress': start
[10:13:20.403] [bmv2] [T] [thread 103110] [4.0] [cxt 0] ms1.p4(233) Condition "hdr.response[0].isValid() && hdr.kvs.op == 3" (node_7) is false
[10:13:20.403] [bmv2] [D] [thread 103110] [4.0] [cxt 0] Pipeline 'egress': end
[10:13:20.403] [bmv2] [D] [thread 103110] [4.0] [cxt 0] Deparser 'deparser': start
[10:13:20.403] [bmv2] [T] [thread 103110] [4.0] [cxt 0] Skipping checksum 'cksum' update because condition not met
[10:13:20.403] [bmv2] [D] [thread 103110] [4.0] [cxt 0] Deparsing header 'ethernet'
[10:13:20.403] [bmv2] [D] [thread 103110] [4.0] [cxt 0] Deparser 'deparser': end
[10:13:20.403] [bmv2] [D] [thread 103114] [4.0] [cxt 0] Transmitting packet of size 90 out of port 0
[10:13:20.458] [bmv2] [W] [thread 103137] [P4Runtime] p4::tmp::P4DeviceConfig is deprecated
[10:13:20.468] [bmv2] [D] [thread 103137] Set default default entry for table 'MyIngress.ipv4_lpm': MyIngress.drop - 
[10:13:20.468] [bmv2] [D] [thread 103137] Set default default entry for table 'MyIngress.kvs': MyIngress.drop - 
[10:13:20.468] [bmv2] [D] [thread 103137] Set default default entry for table 'tbl_ms1l235': ms1l235 - 
[10:13:20.474] [bmv2] [D] [thread 103137] simple_switch target has been notified of a config swap
[10:13:20.476] [bmv2] [D] [thread 103138] Set default entry for table 'MyIngress.kvs': MyIngress.drop - 
[10:13:20.477] [bmv2] [D] [thread 103137] Entry 0 added to table 'MyIngress.kvs'
[10:13:20.477] [bmv2] [D] [thread 103137] Dumping entry 0
Match key:
* hdr.kvs.op          : EXACT     01
Action entry: MyIngress.get - 

[10:13:20.478] [bmv2] [D] [thread 103138] Entry 1 added to table 'MyIngress.kvs'
[10:13:20.478] [bmv2] [D] [thread 103138] Dumping entry 1
Match key:
* hdr.kvs.op          : EXACT     02
Action entry: MyIngress.put - 

[10:13:20.479] [bmv2] [D] [thread 103137] Entry 0 added to table 'MyIngress.ipv4_lpm'
[10:13:20.480] [bmv2] [D] [thread 103137] Dumping entry 0
Match key:
* hdr.ipv4.dstAddr    : LPM       0a000101/32
Action entry: MyIngress.set_nhop - a000101,1,

[10:13:20.495] [bmv2] [D] [thread 103109] [5.0] [cxt 0] Processing packet received on port 1
[10:13:20.495] [bmv2] [D] [thread 103109] [5.0] [cxt 0] Parser 'parser': start
[10:13:20.495] [bmv2] [D] [thread 103109] [5.0] [cxt 0] Parser 'parser' entering state 'start'
[10:13:20.495] [bmv2] [D] [thread 103109] [5.0] [cxt 0] Extracting header 'ethernet'
[10:13:20.495] [bmv2] [D] [thread 103109] [5.0] [cxt 0] Parser state 'start': key is 86dd
[10:13:20.495] [bmv2] [T] [thread 103109] [5.0] [cxt 0] Bytes parsed: 14
[10:13:20.496] [bmv2] [D] [thread 103109] [5.0] [cxt 0] Parser 'parser': end
[10:13:20.496] [bmv2] [D] [thread 103109] [5.0] [cxt 0] Pipeline 'ingress': start
[10:13:20.496] [bmv2] [T] [thread 103109] [5.0] [cxt 0] ms1.p4(216) Condition "hdr.response[0].isValid()" (node_2) is false
[10:13:20.496] [bmv2] [D] [thread 103109] [5.0] [cxt 0] Pipeline 'ingress': end
[10:13:20.496] [bmv2] [D] [thread 103109] [5.0] [cxt 0] Egress port is 0
[10:13:20.496] [bmv2] [D] [thread 103110] [5.0] [cxt 0] Pipeline 'egress': start
[10:13:20.496] [bmv2] [T] [thread 103110] [5.0] [cxt 0] ms1.p4(233) Condition "hdr.response[0].isValid() && hdr.kvs.op == 3" (node_7) is false
[10:13:20.496] [bmv2] [D] [thread 103110] [5.0] [cxt 0] Pipeline 'egress': end
[10:13:20.496] [bmv2] [D] [thread 103110] [5.0] [cxt 0] Deparser 'deparser': start
[10:13:20.496] [bmv2] [T] [thread 103110] [5.0] [cxt 0] Skipping checksum 'cksum' update because condition not met
[10:13:20.496] [bmv2] [D] [thread 103110] [5.0] [cxt 0] Deparsing header 'ethernet'
[10:13:20.496] [bmv2] [D] [thread 103110] [5.0] [cxt 0] Deparser 'deparser': end
[10:13:20.496] [bmv2] [D] [thread 103114] [5.0] [cxt 0] Transmitting packet of size 220 out of port 0
[10:13:20.515] [bmv2] [D] [thread 103109] [6.0] [cxt 0] Processing packet received on port 1
[10:13:20.515] [bmv2] [D] [thread 103109] [6.0] [cxt 0] Parser 'parser': start
[10:13:20.515] [bmv2] [D] [thread 103109] [6.0] [cxt 0] Parser 'parser' entering state 'start'
[10:13:20.515] [bmv2] [D] [thread 103109] [6.0] [cxt 0] Extracting header 'ethernet'
[10:13:20.515] [bmv2] [D] [thread 103109] [6.0] [cxt 0] Parser state 'start': key is 86dd
[10:13:20.515] [bmv2] [T] [thread 103109] [6.0] [cxt 0] Bytes parsed: 14
[10:13:20.515] [bmv2] [D] [thread 103109] [6.0] [cxt 0] Parser 'parser': end
[10:13:20.515] [bmv2] [D] [thread 103109] [6.0] [cxt 0] Pipeline 'ingress': start
[10:13:20.515] [bmv2] [T] [thread 103109] [6.0] [cxt 0] ms1.p4(216) Condition "hdr.response[0].isValid()" (node_2) is false
[10:13:20.515] [bmv2] [D] [thread 103109] [6.0] [cxt 0] Pipeline 'ingress': end
[10:13:20.515] [bmv2] [D] [thread 103109] [6.0] [cxt 0] Egress port is 0
[10:13:20.516] [bmv2] [D] [thread 103110] [6.0] [cxt 0] Pipeline 'egress': start
[10:13:20.516] [bmv2] [T] [thread 103110] [6.0] [cxt 0] ms1.p4(233) Condition "hdr.response[0].isValid() && hdr.kvs.op == 3" (node_7) is false
[10:13:20.516] [bmv2] [D] [thread 103110] [6.0] [cxt 0] Pipeline 'egress': end
[10:13:20.516] [bmv2] [D] [thread 103110] [6.0] [cxt 0] Deparser 'deparser': start
[10:13:20.516] [bmv2] [T] [thread 103110] [6.0] [cxt 0] Skipping checksum 'cksum' update because condition not met
[10:13:20.516] [bmv2] [D] [thread 103110] [6.0] [cxt 0] Deparsing header 'ethernet'
[10:13:20.516] [bmv2] [D] [thread 103110] [6.0] [cxt 0] Deparser 'deparser': end
[10:13:20.516] [bmv2] [D] [thread 103114] [6.0] [cxt 0] Transmitting packet of size 242 out of port 0
[10:13:20.765] [bmv2] [D] [thread 103109] [7.0] [cxt 0] Processing packet received on port 1
[10:13:20.765] [bmv2] [D] [thread 103109] [7.0] [cxt 0] Parser 'parser': start
[10:13:20.765] [bmv2] [D] [thread 103109] [7.0] [cxt 0] Parser 'parser' entering state 'start'
[10:13:20.765] [bmv2] [D] [thread 103109] [7.0] [cxt 0] Extracting header 'ethernet'
[10:13:20.765] [bmv2] [D] [thread 103109] [7.0] [cxt 0] Parser state 'start': key is 86dd
[10:13:20.765] [bmv2] [T] [thread 103109] [7.0] [cxt 0] Bytes parsed: 14
[10:13:20.765] [bmv2] [D] [thread 103109] [7.0] [cxt 0] Parser 'parser': end
[10:13:20.765] [bmv2] [D] [thread 103109] [7.0] [cxt 0] Pipeline 'ingress': start
[10:13:20.765] [bmv2] [T] [thread 103109] [7.0] [cxt 0] ms1.p4(216) Condition "hdr.response[0].isValid()" (node_2) is false
[10:13:20.766] [bmv2] [D] [thread 103109] [7.0] [cxt 0] Pipeline 'ingress': end
[10:13:20.766] [bmv2] [D] [thread 103109] [7.0] [cxt 0] Egress port is 0
[10:13:20.766] [bmv2] [D] [thread 103110] [7.0] [cxt 0] Pipeline 'egress': start
[10:13:20.766] [bmv2] [T] [thread 103110] [7.0] [cxt 0] ms1.p4(233) Condition "hdr.response[0].isValid() && hdr.kvs.op == 3" (node_7) is false
[10:13:20.766] [bmv2] [D] [thread 103110] [7.0] [cxt 0] Pipeline 'egress': end
[10:13:20.766] [bmv2] [D] [thread 103110] [7.0] [cxt 0] Deparser 'deparser': start
[10:13:20.766] [bmv2] [T] [thread 103110] [7.0] [cxt 0] Skipping checksum 'cksum' update because condition not met
[10:13:20.766] [bmv2] [D] [thread 103110] [7.0] [cxt 0] Deparsing header 'ethernet'
[10:13:20.766] [bmv2] [D] [thread 103110] [7.0] [cxt 0] Deparser 'deparser': end
[10:13:20.766] [bmv2] [D] [thread 103114] [7.0] [cxt 0] Transmitting packet of size 242 out of port 0
[10:13:20.839] [bmv2] [D] [thread 103109] [8.0] [cxt 0] Processing packet received on port 1
[10:13:20.839] [bmv2] [D] [thread 103109] [8.0] [cxt 0] Parser 'parser': start
[10:13:20.839] [bmv2] [D] [thread 103109] [8.0] [cxt 0] Parser 'parser' entering state 'start'
[10:13:20.839] [bmv2] [D] [thread 103109] [8.0] [cxt 0] Extracting header 'ethernet'
[10:13:20.839] [bmv2] [D] [thread 103109] [8.0] [cxt 0] Parser state 'start': key is 86dd
[10:13:20.839] [bmv2] [T] [thread 103109] [8.0] [cxt 0] Bytes parsed: 14
[10:13:20.839] [bmv2] [D] [thread 103109] [8.0] [cxt 0] Parser 'parser': end
[10:13:20.839] [bmv2] [D] [thread 103109] [8.0] [cxt 0] Pipeline 'ingress': start
[10:13:20.839] [bmv2] [T] [thread 103109] [8.0] [cxt 0] ms1.p4(216) Condition "hdr.response[0].isValid()" (node_2) is false
[10:13:20.839] [bmv2] [D] [thread 103109] [8.0] [cxt 0] Pipeline 'ingress': end
[10:13:20.839] [bmv2] [D] [thread 103109] [8.0] [cxt 0] Egress port is 0
[10:13:20.839] [bmv2] [D] [thread 103110] [8.0] [cxt 0] Pipeline 'egress': start
[10:13:20.839] [bmv2] [T] [thread 103110] [8.0] [cxt 0] ms1.p4(233) Condition "hdr.response[0].isValid() && hdr.kvs.op == 3" (node_7) is false
[10:13:20.839] [bmv2] [D] [thread 103110] [8.0] [cxt 0] Pipeline 'egress': end
[10:13:20.839] [bmv2] [D] [thread 103110] [8.0] [cxt 0] Deparser 'deparser': start
[10:13:20.839] [bmv2] [T] [thread 103110] [8.0] [cxt 0] Skipping checksum 'cksum' update because condition not met
[10:13:20.839] [bmv2] [D] [thread 103110] [8.0] [cxt 0] Deparsing header 'ethernet'
[10:13:20.839] [bmv2] [D] [thread 103110] [8.0] [cxt 0] Deparser 'deparser': end
[10:13:20.839] [bmv2] [D] [thread 103114] [8.0] [cxt 0] Transmitting packet of size 110 out of port 0
[10:13:20.935] [bmv2] [D] [thread 103109] [9.0] [cxt 0] Processing packet received on port 1
[10:13:20.935] [bmv2] [D] [thread 103109] [9.0] [cxt 0] Parser 'parser': start
[10:13:20.935] [bmv2] [D] [thread 103109] [9.0] [cxt 0] Parser 'parser' entering state 'start'
[10:13:20.935] [bmv2] [D] [thread 103109] [9.0] [cxt 0] Extracting header 'ethernet'
[10:13:20.935] [bmv2] [D] [thread 103109] [9.0] [cxt 0] Parser state 'start': key is 86dd
[10:13:20.935] [bmv2] [T] [thread 103109] [9.0] [cxt 0] Bytes parsed: 14
[10:13:20.935] [bmv2] [D] [thread 103109] [9.0] [cxt 0] Parser 'parser': end
[10:13:20.935] [bmv2] [D] [thread 103109] [9.0] [cxt 0] Pipeline 'ingress': start
[10:13:20.935] [bmv2] [T] [thread 103109] [9.0] [cxt 0] ms1.p4(216) Condition "hdr.response[0].isValid()" (node_2) is false
[10:13:20.935] [bmv2] [D] [thread 103109] [9.0] [cxt 0] Pipeline 'ingress': end
[10:13:20.935] [bmv2] [D] [thread 103109] [9.0] [cxt 0] Egress port is 0
[10:13:20.935] [bmv2] [D] [thread 103110] [9.0] [cxt 0] Pipeline 'egress': start
[10:13:20.935] [bmv2] [T] [thread 103110] [9.0] [cxt 0] ms1.p4(233) Condition "hdr.response[0].isValid() && hdr.kvs.op == 3" (node_7) is false
[10:13:20.935] [bmv2] [D] [thread 103110] [9.0] [cxt 0] Pipeline 'egress': end
[10:13:20.935] [bmv2] [D] [thread 103110] [9.0] [cxt 0] Deparser 'deparser': start
[10:13:20.935] [bmv2] [T] [thread 103110] [9.0] [cxt 0] Skipping checksum 'cksum' update because condition not met
[10:13:20.935] [bmv2] [D] [thread 103110] [9.0] [cxt 0] Deparsing header 'ethernet'
[10:13:20.935] [bmv2] [D] [thread 103110] [9.0] [cxt 0] Deparser 'deparser': end
[10:13:20.935] [bmv2] [D] [thread 103114] [9.0] [cxt 0] Transmitting packet of size 90 out of port 0
[10:13:21.016] [bmv2] [D] [thread 103109] [10.0] [cxt 0] Processing packet received on port 1
[10:13:21.016] [bmv2] [D] [thread 103109] [10.0] [cxt 0] Parser 'parser': start
[10:13:21.016] [bmv2] [D] [thread 103109] [10.0] [cxt 0] Parser 'parser' entering state 'start'
[10:13:21.016] [bmv2] [D] [thread 103109] [10.0] [cxt 0] Extracting header 'ethernet'
[10:13:21.016] [bmv2] [D] [thread 103109] [10.0] [cxt 0] Parser state 'start': key is 86dd
[10:13:21.016] [bmv2] [T] [thread 103109] [10.0] [cxt 0] Bytes parsed: 14
[10:13:21.016] [bmv2] [D] [thread 103109] [10.0] [cxt 0] Parser 'parser': end
[10:13:21.016] [bmv2] [D] [thread 103109] [10.0] [cxt 0] Pipeline 'ingress': start
[10:13:21.016] [bmv2] [T] [thread 103109] [10.0] [cxt 0] ms1.p4(216) Condition "hdr.response[0].isValid()" (node_2) is false
[10:13:21.016] [bmv2] [D] [thread 103109] [10.0] [cxt 0] Pipeline 'ingress': end
[10:13:21.016] [bmv2] [D] [thread 103109] [10.0] [cxt 0] Egress port is 0
[10:13:21.016] [bmv2] [D] [thread 103110] [10.0] [cxt 0] Pipeline 'egress': start
[10:13:21.016] [bmv2] [T] [thread 103110] [10.0] [cxt 0] ms1.p4(233) Condition "hdr.response[0].isValid() && hdr.kvs.op == 3" (node_7) is false
[10:13:21.016] [bmv2] [D] [thread 103110] [10.0] [cxt 0] Pipeline 'egress': end
[10:13:21.016] [bmv2] [D] [thread 103110] [10.0] [cxt 0] Deparser 'deparser': start
[10:13:21.017] [bmv2] [T] [thread 103110] [10.0] [cxt 0] Skipping checksum 'cksum' update because condition not met
[10:13:21.017] [bmv2] [D] [thread 103110] [10.0] [cxt 0] Deparsing header 'ethernet'
[10:13:21.017] [bmv2] [D] [thread 103110] [10.0] [cxt 0] Deparser 'deparser': end
[10:13:21.017] [bmv2] [D] [thread 103114] [10.0] [cxt 0] Transmitting packet of size 242 out of port 0
[10:13:21.216] [bmv2] [D] [thread 103109] [11.0] [cxt 0] Processing packet received on port 1
[10:13:21.216] [bmv2] [D] [thread 103109] [11.0] [cxt 0] Parser 'parser': start
[10:13:21.216] [bmv2] [D] [thread 103109] [11.0] [cxt 0] Parser 'parser' entering state 'start'
[10:13:21.217] [bmv2] [D] [thread 103109] [11.0] [cxt 0] Extracting header 'ethernet'
[10:13:21.217] [bmv2] [D] [thread 103109] [11.0] [cxt 0] Parser state 'start': key is 86dd
[10:13:21.217] [bmv2] [T] [thread 103109] [11.0] [cxt 0] Bytes parsed: 14
[10:13:21.217] [bmv2] [D] [thread 103109] [11.0] [cxt 0] Parser 'parser': end
[10:13:21.217] [bmv2] [D] [thread 103109] [11.0] [cxt 0] Pipeline 'ingress': start
[10:13:21.217] [bmv2] [T] [thread 103109] [11.0] [cxt 0] ms1.p4(216) Condition "hdr.response[0].isValid()" (node_2) is false
[10:13:21.217] [bmv2] [D] [thread 103109] [11.0] [cxt 0] Pipeline 'ingress': end
[10:13:21.217] [bmv2] [D] [thread 103109] [11.0] [cxt 0] Egress port is 0
[10:13:21.217] [bmv2] [D] [thread 103110] [11.0] [cxt 0] Pipeline 'egress': start
[10:13:21.217] [bmv2] [T] [thread 103110] [11.0] [cxt 0] ms1.p4(233) Condition "hdr.response[0].isValid() && hdr.kvs.op == 3" (node_7) is false
[10:13:21.217] [bmv2] [D] [thread 103110] [11.0] [cxt 0] Pipeline 'egress': end
[10:13:21.217] [bmv2] [D] [thread 103110] [11.0] [cxt 0] Deparser 'deparser': start
[10:13:21.217] [bmv2] [T] [thread 103110] [11.0] [cxt 0] Skipping checksum 'cksum' update because condition not met
[10:13:21.217] [bmv2] [D] [thread 103110] [11.0] [cxt 0] Deparsing header 'ethernet'
[10:13:21.217] [bmv2] [D] [thread 103110] [11.0] [cxt 0] Deparser 'deparser': end
[10:13:21.217] [bmv2] [D] [thread 103114] [11.0] [cxt 0] Transmitting packet of size 230 out of port 0
[10:13:21.492] [bmv2] [D] [thread 103109] [12.0] [cxt 0] Processing packet received on port 1
[10:13:21.492] [bmv2] [D] [thread 103109] [12.0] [cxt 0] Parser 'parser': start
[10:13:21.492] [bmv2] [D] [thread 103109] [12.0] [cxt 0] Parser 'parser' entering state 'start'
[10:13:21.492] [bmv2] [D] [thread 103109] [12.0] [cxt 0] Extracting header 'ethernet'
[10:13:21.492] [bmv2] [D] [thread 103109] [12.0] [cxt 0] Parser state 'start': key is 86dd
[10:13:21.492] [bmv2] [T] [thread 103109] [12.0] [cxt 0] Bytes parsed: 14
[10:13:21.492] [bmv2] [D] [thread 103109] [12.0] [cxt 0] Parser 'parser': end
[10:13:21.492] [bmv2] [D] [thread 103109] [12.0] [cxt 0] Pipeline 'ingress': start
[10:13:21.492] [bmv2] [T] [thread 103109] [12.0] [cxt 0] ms1.p4(216) Condition "hdr.response[0].isValid()" (node_2) is false
[10:13:21.492] [bmv2] [D] [thread 103109] [12.0] [cxt 0] Pipeline 'ingress': end
[10:13:21.492] [bmv2] [D] [thread 103109] [12.0] [cxt 0] Egress port is 0
[10:13:21.492] [bmv2] [D] [thread 103110] [12.0] [cxt 0] Pipeline 'egress': start
[10:13:21.492] [bmv2] [T] [thread 103110] [12.0] [cxt 0] ms1.p4(233) Condition "hdr.response[0].isValid() && hdr.kvs.op == 3" (node_7) is false
[10:13:21.492] [bmv2] [D] [thread 103110] [12.0] [cxt 0] Pipeline 'egress': end
[10:13:21.492] [bmv2] [D] [thread 103110] [12.0] [cxt 0] Deparser 'deparser': start
[10:13:21.492] [bmv2] [T] [thread 103110] [12.0] [cxt 0] Skipping checksum 'cksum' update because condition not met
[10:13:21.492] [bmv2] [D] [thread 103110] [12.0] [cxt 0] Deparsing header 'ethernet'
[10:13:21.492] [bmv2] [D] [thread 103110] [12.0] [cxt 0] Deparser 'deparser': end
[10:13:21.492] [bmv2] [D] [thread 103114] [12.0] [cxt 0] Transmitting packet of size 220 out of port 0
[10:13:22.290] [bmv2] [D] [thread 103109] [13.0] [cxt 0] Processing packet received on port 1
[10:13:22.290] [bmv2] [D] [thread 103109] [13.0] [cxt 0] Parser 'parser': start
[10:13:22.290] [bmv2] [D] [thread 103109] [13.0] [cxt 0] Parser 'parser' entering state 'start'
[10:13:22.290] [bmv2] [D] [thread 103109] [13.0] [cxt 0] Extracting header 'ethernet'
[10:13:22.290] [bmv2] [D] [thread 103109] [13.0] [cxt 0] Parser state 'start': key is 86dd
[10:13:22.290] [bmv2] [T] [thread 103109] [13.0] [cxt 0] Bytes parsed: 14
[10:13:22.290] [bmv2] [D] [thread 103109] [13.0] [cxt 0] Parser 'parser': end
[10:13:22.290] [bmv2] [D] [thread 103109] [13.0] [cxt 0] Pipeline 'ingress': start
[10:13:22.290] [bmv2] [T] [thread 103109] [13.0] [cxt 0] ms1.p4(216) Condition "hdr.response[0].isValid()" (node_2) is false
[10:13:22.290] [bmv2] [D] [thread 103109] [13.0] [cxt 0] Pipeline 'ingress': end
[10:13:22.290] [bmv2] [D] [thread 103109] [13.0] [cxt 0] Egress port is 0
[10:13:22.290] [bmv2] [D] [thread 103110] [13.0] [cxt 0] Pipeline 'egress': start
[10:13:22.290] [bmv2] [T] [thread 103110] [13.0] [cxt 0] ms1.p4(233) Condition "hdr.response[0].isValid() && hdr.kvs.op == 3" (node_7) is false
[10:13:22.290] [bmv2] [D] [thread 103110] [13.0] [cxt 0] Pipeline 'egress': end
[10:13:22.290] [bmv2] [D] [thread 103110] [13.0] [cxt 0] Deparser 'deparser': start
[10:13:22.290] [bmv2] [T] [thread 103110] [13.0] [cxt 0] Skipping checksum 'cksum' update because condition not met
[10:13:22.290] [bmv2] [D] [thread 103110] [13.0] [cxt 0] Deparsing header 'ethernet'
[10:13:22.290] [bmv2] [D] [thread 103110] [13.0] [cxt 0] Deparser 'deparser': end
[10:13:22.290] [bmv2] [D] [thread 103114] [13.0] [cxt 0] Transmitting packet of size 230 out of port 0
[10:13:23.494] [bmv2] [D] [thread 103109] [14.0] [cxt 0] Processing packet received on port 1
[10:13:23.494] [bmv2] [D] [thread 103109] [14.0] [cxt 0] Parser 'parser': start
[10:13:23.494] [bmv2] [D] [thread 103109] [14.0] [cxt 0] Parser 'parser' entering state 'start'
[10:13:23.494] [bmv2] [D] [thread 103109] [14.0] [cxt 0] Extracting header 'ethernet'
[10:13:23.494] [bmv2] [D] [thread 103109] [14.0] [cxt 0] Parser state 'start': key is 86dd
[10:13:23.494] [bmv2] [T] [thread 103109] [14.0] [cxt 0] Bytes parsed: 14
[10:13:23.494] [bmv2] [D] [thread 103109] [14.0] [cxt 0] Parser 'parser': end
[10:13:23.494] [bmv2] [D] [thread 103109] [14.0] [cxt 0] Pipeline 'ingress': start
[10:13:23.494] [bmv2] [T] [thread 103109] [14.0] [cxt 0] ms1.p4(216) Condition "hdr.response[0].isValid()" (node_2) is false
[10:13:23.494] [bmv2] [D] [thread 103109] [14.0] [cxt 0] Pipeline 'ingress': end
[10:13:23.494] [bmv2] [D] [thread 103109] [14.0] [cxt 0] Egress port is 0
[10:13:23.494] [bmv2] [D] [thread 103110] [14.0] [cxt 0] Pipeline 'egress': start
[10:13:23.494] [bmv2] [T] [thread 103110] [14.0] [cxt 0] ms1.p4(233) Condition "hdr.response[0].isValid() && hdr.kvs.op == 3" (node_7) is false
[10:13:23.494] [bmv2] [D] [thread 103110] [14.0] [cxt 0] Pipeline 'egress': end
[10:13:23.494] [bmv2] [D] [thread 103110] [14.0] [cxt 0] Deparser 'deparser': start
[10:13:23.494] [bmv2] [T] [thread 103110] [14.0] [cxt 0] Skipping checksum 'cksum' update because condition not met
[10:13:23.494] [bmv2] [D] [thread 103110] [14.0] [cxt 0] Deparsing header 'ethernet'
[10:13:23.494] [bmv2] [D] [thread 103110] [14.0] [cxt 0] Deparser 'deparser': end
[10:13:23.494] [bmv2] [D] [thread 103114] [14.0] [cxt 0] Transmitting packet of size 220 out of port 0
[10:13:24.363] [bmv2] [D] [thread 103109] [15.0] [cxt 0] Processing packet received on port 1
[10:13:24.363] [bmv2] [D] [thread 103109] [15.0] [cxt 0] Parser 'parser': start
[10:13:24.363] [bmv2] [D] [thread 103109] [15.0] [cxt 0] Parser 'parser' entering state 'start'
[10:13:24.363] [bmv2] [D] [thread 103109] [15.0] [cxt 0] Extracting header 'ethernet'
[10:13:24.363] [bmv2] [D] [thread 103109] [15.0] [cxt 0] Parser state 'start': key is 86dd
[10:13:24.363] [bmv2] [T] [thread 103109] [15.0] [cxt 0] Bytes parsed: 14
[10:13:24.363] [bmv2] [D] [thread 103109] [15.0] [cxt 0] Parser 'parser': end
[10:13:24.363] [bmv2] [D] [thread 103109] [15.0] [cxt 0] Pipeline 'ingress': start
[10:13:24.363] [bmv2] [T] [thread 103109] [15.0] [cxt 0] ms1.p4(216) Condition "hdr.response[0].isValid()" (node_2) is false
[10:13:24.363] [bmv2] [D] [thread 103109] [15.0] [cxt 0] Pipeline 'ingress': end
[10:13:24.363] [bmv2] [D] [thread 103109] [15.0] [cxt 0] Egress port is 0
[10:13:24.363] [bmv2] [D] [thread 103110] [15.0] [cxt 0] Pipeline 'egress': start
[10:13:24.363] [bmv2] [T] [thread 103110] [15.0] [cxt 0] ms1.p4(233) Condition "hdr.response[0].isValid() && hdr.kvs.op == 3" (node_7) is false
[10:13:24.363] [bmv2] [D] [thread 103110] [15.0] [cxt 0] Pipeline 'egress': end
[10:13:24.363] [bmv2] [D] [thread 103110] [15.0] [cxt 0] Deparser 'deparser': start
[10:13:24.363] [bmv2] [T] [thread 103110] [15.0] [cxt 0] Skipping checksum 'cksum' update because condition not met
[10:13:24.363] [bmv2] [D] [thread 103110] [15.0] [cxt 0] Deparsing header 'ethernet'
[10:13:24.363] [bmv2] [D] [thread 103110] [15.0] [cxt 0] Deparser 'deparser': end
[10:13:24.363] [bmv2] [D] [thread 103114] [15.0] [cxt 0] Transmitting packet of size 230 out of port 0
[10:13:24.583] [bmv2] [D] [thread 103109] [16.0] [cxt 0] Processing packet received on port 1
[10:13:24.583] [bmv2] [D] [thread 103109] [16.0] [cxt 0] Parser 'parser': start
[10:13:24.583] [bmv2] [D] [thread 103109] [16.0] [cxt 0] Parser 'parser' entering state 'start'
[10:13:24.583] [bmv2] [D] [thread 103109] [16.0] [cxt 0] Extracting header 'ethernet'
[10:13:24.583] [bmv2] [D] [thread 103109] [16.0] [cxt 0] Parser state 'start': key is 86dd
[10:13:24.583] [bmv2] [T] [thread 103109] [16.0] [cxt 0] Bytes parsed: 14
[10:13:24.583] [bmv2] [D] [thread 103109] [16.0] [cxt 0] Parser 'parser': end
[10:13:24.583] [bmv2] [D] [thread 103109] [16.0] [cxt 0] Pipeline 'ingress': start
[10:13:24.583] [bmv2] [T] [thread 103109] [16.0] [cxt 0] ms1.p4(216) Condition "hdr.response[0].isValid()" (node_2) is false
[10:13:24.583] [bmv2] [D] [thread 103109] [16.0] [cxt 0] Pipeline 'ingress': end
[10:13:24.583] [bmv2] [D] [thread 103109] [16.0] [cxt 0] Egress port is 0
[10:13:24.583] [bmv2] [D] [thread 103110] [16.0] [cxt 0] Pipeline 'egress': start
[10:13:24.583] [bmv2] [T] [thread 103110] [16.0] [cxt 0] ms1.p4(233) Condition "hdr.response[0].isValid() && hdr.kvs.op == 3" (node_7) is false
[10:13:24.583] [bmv2] [D] [thread 103110] [16.0] [cxt 0] Pipeline 'egress': end
[10:13:24.583] [bmv2] [D] [thread 103110] [16.0] [cxt 0] Deparser 'deparser': start
[10:13:24.583] [bmv2] [T] [thread 103110] [16.0] [cxt 0] Skipping checksum 'cksum' update because condition not met
[10:13:24.583] [bmv2] [D] [thread 103110] [16.0] [cxt 0] Deparsing header 'ethernet'
[10:13:24.583] [bmv2] [D] [thread 103110] [16.0] [cxt 0] Deparser 'deparser': end
[10:13:24.583] [bmv2] [D] [thread 103114] [16.0] [cxt 0] Transmitting packet of size 70 out of port 0
[10:13:27.497] [bmv2] [D] [thread 103109] [17.0] [cxt 0] Processing packet received on port 1
[10:13:27.497] [bmv2] [D] [thread 103109] [17.0] [cxt 0] Parser 'parser': start
[10:13:27.497] [bmv2] [D] [thread 103109] [17.0] [cxt 0] Parser 'parser' entering state 'start'
[10:13:27.497] [bmv2] [D] [thread 103109] [17.0] [cxt 0] Extracting header 'ethernet'
[10:13:27.497] [bmv2] [D] [thread 103109] [17.0] [cxt 0] Parser state 'start': key is 86dd
[10:13:27.497] [bmv2] [T] [thread 103109] [17.0] [cxt 0] Bytes parsed: 14
[10:13:27.497] [bmv2] [D] [thread 103109] [17.0] [cxt 0] Parser 'parser': end
[10:13:27.497] [bmv2] [D] [thread 103109] [17.0] [cxt 0] Pipeline 'ingress': start
[10:13:27.497] [bmv2] [T] [thread 103109] [17.0] [cxt 0] ms1.p4(216) Condition "hdr.response[0].isValid()" (node_2) is false
[10:13:27.497] [bmv2] [D] [thread 103109] [17.0] [cxt 0] Pipeline 'ingress': end
[10:13:27.497] [bmv2] [D] [thread 103109] [17.0] [cxt 0] Egress port is 0
[10:13:27.497] [bmv2] [D] [thread 103110] [17.0] [cxt 0] Pipeline 'egress': start
[10:13:27.497] [bmv2] [T] [thread 103110] [17.0] [cxt 0] ms1.p4(233) Condition "hdr.response[0].isValid() && hdr.kvs.op == 3" (node_7) is false
[10:13:27.497] [bmv2] [D] [thread 103110] [17.0] [cxt 0] Pipeline 'egress': end
[10:13:27.497] [bmv2] [D] [thread 103110] [17.0] [cxt 0] Deparser 'deparser': start
[10:13:27.497] [bmv2] [T] [thread 103110] [17.0] [cxt 0] Skipping checksum 'cksum' update because condition not met
[10:13:27.498] [bmv2] [D] [thread 103110] [17.0] [cxt 0] Deparsing header 'ethernet'
[10:13:27.498] [bmv2] [D] [thread 103110] [17.0] [cxt 0] Deparser 'deparser': end
[10:13:27.498] [bmv2] [D] [thread 103114] [17.0] [cxt 0] Transmitting packet of size 220 out of port 0
[10:13:33.031] [bmv2] [D] [thread 103109] [18.0] [cxt 0] Processing packet received on port 1
[10:13:33.031] [bmv2] [D] [thread 103109] [18.0] [cxt 0] Parser 'parser': start
[10:13:33.031] [bmv2] [D] [thread 103109] [18.0] [cxt 0] Parser 'parser' entering state 'start'
[10:13:33.031] [bmv2] [D] [thread 103109] [18.0] [cxt 0] Extracting header 'ethernet'
[10:13:33.031] [bmv2] [D] [thread 103109] [18.0] [cxt 0] Parser state 'start': key is 86dd
[10:13:33.031] [bmv2] [T] [thread 103109] [18.0] [cxt 0] Bytes parsed: 14
[10:13:33.031] [bmv2] [D] [thread 103109] [18.0] [cxt 0] Parser 'parser': end
[10:13:33.031] [bmv2] [D] [thread 103109] [18.0] [cxt 0] Pipeline 'ingress': start
[10:13:33.031] [bmv2] [T] [thread 103109] [18.0] [cxt 0] ms1.p4(216) Condition "hdr.response[0].isValid()" (node_2) is false
[10:13:33.031] [bmv2] [D] [thread 103109] [18.0] [cxt 0] Pipeline 'ingress': end
[10:13:33.031] [bmv2] [D] [thread 103109] [18.0] [cxt 0] Egress port is 0
[10:13:33.031] [bmv2] [D] [thread 103110] [18.0] [cxt 0] Pipeline 'egress': start
[10:13:33.031] [bmv2] [T] [thread 103110] [18.0] [cxt 0] ms1.p4(233) Condition "hdr.response[0].isValid() && hdr.kvs.op == 3" (node_7) is false
[10:13:33.031] [bmv2] [D] [thread 103110] [18.0] [cxt 0] Pipeline 'egress': end
[10:13:33.031] [bmv2] [D] [thread 103110] [18.0] [cxt 0] Deparser 'deparser': start
[10:13:33.031] [bmv2] [T] [thread 103110] [18.0] [cxt 0] Skipping checksum 'cksum' update because condition not met
[10:13:33.031] [bmv2] [D] [thread 103110] [18.0] [cxt 0] Deparsing header 'ethernet'
[10:13:33.031] [bmv2] [D] [thread 103110] [18.0] [cxt 0] Deparser 'deparser': end
[10:13:33.031] [bmv2] [D] [thread 103114] [18.0] [cxt 0] Transmitting packet of size 70 out of port 0
[10:13:35.499] [bmv2] [D] [thread 103109] [19.0] [cxt 0] Processing packet received on port 1
[10:13:35.499] [bmv2] [D] [thread 103109] [19.0] [cxt 0] Parser 'parser': start
[10:13:35.499] [bmv2] [D] [thread 103109] [19.0] [cxt 0] Parser 'parser' entering state 'start'
[10:13:35.499] [bmv2] [D] [thread 103109] [19.0] [cxt 0] Extracting header 'ethernet'
[10:13:35.499] [bmv2] [D] [thread 103109] [19.0] [cxt 0] Parser state 'start': key is 86dd
[10:13:35.499] [bmv2] [T] [thread 103109] [19.0] [cxt 0] Bytes parsed: 14
[10:13:35.499] [bmv2] [D] [thread 103109] [19.0] [cxt 0] Parser 'parser': end
[10:13:35.499] [bmv2] [D] [thread 103109] [19.0] [cxt 0] Pipeline 'ingress': start
[10:13:35.499] [bmv2] [T] [thread 103109] [19.0] [cxt 0] ms1.p4(216) Condition "hdr.response[0].isValid()" (node_2) is false
[10:13:35.499] [bmv2] [D] [thread 103109] [19.0] [cxt 0] Pipeline 'ingress': end
[10:13:35.499] [bmv2] [D] [thread 103109] [19.0] [cxt 0] Egress port is 0
[10:13:35.499] [bmv2] [D] [thread 103110] [19.0] [cxt 0] Pipeline 'egress': start
[10:13:35.499] [bmv2] [T] [thread 103110] [19.0] [cxt 0] ms1.p4(233) Condition "hdr.response[0].isValid() && hdr.kvs.op == 3" (node_7) is false
[10:13:35.499] [bmv2] [D] [thread 103110] [19.0] [cxt 0] Pipeline 'egress': end
[10:13:35.499] [bmv2] [D] [thread 103110] [19.0] [cxt 0] Deparser 'deparser': start
[10:13:35.499] [bmv2] [T] [thread 103110] [19.0] [cxt 0] Skipping checksum 'cksum' update because condition not met
[10:13:35.499] [bmv2] [D] [thread 103110] [19.0] [cxt 0] Deparsing header 'ethernet'
[10:13:35.499] [bmv2] [D] [thread 103110] [19.0] [cxt 0] Deparser 'deparser': end
[10:13:35.499] [bmv2] [D] [thread 103114] [19.0] [cxt 0] Transmitting packet of size 220 out of port 0
[10:13:50.380] [bmv2] [D] [thread 103109] [20.0] [cxt 0] Processing packet received on port 1
[10:13:50.380] [bmv2] [D] [thread 103109] [20.0] [cxt 0] Parser 'parser': start
[10:13:50.380] [bmv2] [D] [thread 103109] [20.0] [cxt 0] Parser 'parser' entering state 'start'
[10:13:50.380] [bmv2] [D] [thread 103109] [20.0] [cxt 0] Extracting header 'ethernet'
[10:13:50.380] [bmv2] [D] [thread 103109] [20.0] [cxt 0] Parser state 'start': key is 1234
[10:13:50.380] [bmv2] [T] [thread 103109] [20.0] [cxt 0] Bytes parsed: 14
[10:13:50.380] [bmv2] [D] [thread 103109] [20.0] [cxt 0] Parser 'parser' entering state 'parse_response'
[10:13:50.380] [bmv2] [D] [thread 103109] [20.0] [cxt 0] Extracting to header stack 0, next header is 6
[10:13:50.380] [bmv2] [D] [thread 103109] [20.0] [cxt 0] Parser state 'parse_response': key is 01
[10:13:50.380] [bmv2] [T] [thread 103109] [20.0] [cxt 0] Bytes parsed: 19
[10:13:50.380] [bmv2] [D] [thread 103109] [20.0] [cxt 0] Parser 'parser' entering state 'parse_ipv4'
[10:13:50.380] [bmv2] [D] [thread 103109] [20.0] [cxt 0] Extracting header 'ipv4'
[10:13:50.380] [bmv2] [D] [thread 103109] [20.0] [cxt 0] Parser state 'parse_ipv4': key is 91
[10:13:50.380] [bmv2] [T] [thread 103109] [20.0] [cxt 0] Bytes parsed: 39
[10:13:50.380] [bmv2] [D] [thread 103109] [20.0] [cxt 0] Parser 'parser' entering state 'parse_kvs'
[10:13:50.380] [bmv2] [D] [thread 103109] [20.0] [cxt 0] Extracting header 'kvs'
[10:13:50.380] [bmv2] [D] [thread 103109] [20.0] [cxt 0] Parser state 'parse_kvs': key is 06
[10:13:50.380] [bmv2] [T] [thread 103109] [20.0] [cxt 0] Bytes parsed: 51
[10:13:50.380] [bmv2] [D] [thread 103109] [20.0] [cxt 0] Parser 'parser' entering state 'parse_tcp'
[10:13:50.380] [bmv2] [D] [thread 103109] [20.0] [cxt 0] Extracting header 'tcp'
[10:13:50.380] [bmv2] [D] [thread 103109] [20.0] [cxt 0] Parser state 'parse_tcp' has no switch, going to default next state
[10:13:50.380] [bmv2] [T] [thread 103109] [20.0] [cxt 0] Bytes parsed: 71
[10:13:50.380] [bmv2] [D] [thread 103109] [20.0] [cxt 0] Parser 'parser': end
[10:13:50.380] [bmv2] [D] [thread 103109] [20.0] [cxt 0] Pipeline 'ingress': start
[10:13:50.380] [bmv2] [T] [thread 103109] [20.0] [cxt 0] ms1.p4(216) Condition "hdr.response[0].isValid()" (node_2) is true
[10:13:50.380] [bmv2] [T] [thread 103109] [20.0] [cxt 0] Applying table 'MyIngress.ipv4_lpm'
[10:13:50.380] [bmv2] [D] [thread 103109] [20.0] [cxt 0] Looking up key:
* hdr.ipv4.dstAddr    : 0a000101

[10:13:50.380] [bmv2] [D] [thread 103109] [20.0] [cxt 0] Table 'MyIngress.ipv4_lpm': hit with handle 0
[10:13:50.380] [bmv2] [D] [thread 103109] [20.0] [cxt 0] Dumping entry 0
Match key:
* hdr.ipv4.dstAddr    : LPM       0a000101/32
Action entry: MyIngress.set_nhop - a000101,1,

[10:13:50.380] [bmv2] [D] [thread 103109] [20.0] [cxt 0] Action entry is MyIngress.set_nhop - a000101,1,
[10:13:50.380] [bmv2] [T] [thread 103109] [20.0] [cxt 0] Action MyIngress.set_nhop
[10:13:50.380] [bmv2] [T] [thread 103109] [20.0] [cxt 0] ms1.p4(148) Primitive hdr.ipv4.dstAddr = dstAddr
[10:13:50.380] [bmv2] [T] [thread 103109] [20.0] [cxt 0] ms1.p4(149) Primitive port_t temp = hdr.tcp.srcPort;
[10:13:50.380] [bmv2] [T] [thread 103109] [20.0] [cxt 0] ms1.p4(150) Primitive hdr.tcp.srcPort = hdr.tcp.dstPort
[10:13:50.380] [bmv2] [T] [thread 103109] [20.0] [cxt 0] ms1.p4(151) Primitive hdr.tcp.dstPort = temp
[10:13:50.380] [bmv2] [T] [thread 103109] [20.0] [cxt 0] ms1.p4(152) Primitive standard_metadata.egress_spec = port
[10:13:50.380] [bmv2] [T] [thread 103109] [20.0] [cxt 0] Applying table 'MyIngress.kvs'
[10:13:50.380] [bmv2] [D] [thread 103109] [20.0] [cxt 0] Looking up key:
* hdr.kvs.op          : 01

[10:13:50.380] [bmv2] [D] [thread 103109] [20.0] [cxt 0] Table 'MyIngress.kvs': hit with handle 0
[10:13:50.380] [bmv2] [D] [thread 103109] [20.0] [cxt 0] Dumping entry 0
Match key:
* hdr.kvs.op          : EXACT     01
Action entry: MyIngress.get - 

[10:13:50.381] [bmv2] [D] [thread 103109] [20.0] [cxt 0] Action entry is MyIngress.get - 
[10:13:50.381] [bmv2] [T] [thread 103109] [20.0] [cxt 0] Action MyIngress.get
[10:13:50.381] [bmv2] [T] [thread 103109] [20.0] [cxt 0] ms1.p4(162) Primitive (bit<32>)hdr.kvs.first + 1025 * ver
[10:13:50.381] [bmv2] [T] [thread 103109] [20.0] [cxt 0] ms1.p4(162) Primitive database.read(hdr.response[0].value, (bit<32>)hdr.kvs.first + 1025 * ver)
[10:13:50.381] [bmv2] [T] [thread 103109] [20.0] [cxt 0] Read register 'MyIngress.database' at index 1026 read value 0
[10:13:50.381] [bmv2] [T] [thread 103109] [20.0] [cxt 0] ms1.p4(163) Primitive (bit<32>)(hdr.kvs.first)
[10:13:50.381] [bmv2] [T] [thread 103109] [20.0] [cxt 0] ms1.p4(163) Primitive notNull.read(hdr.response[0].notNull, (bit<32>)(hdr.kvs.first))
[10:13:50.381] [bmv2] [T] [thread 103109] [20.0] [cxt 0] Read register 'MyIngress.notNull' at index 1 read value 0
[10:13:50.381] [bmv2] [T] [thread 103109] [20.0] [cxt 0] ms1.p4(166) Primitive (bit<32>)(hdr.kvs.first)
[10:13:50.381] [bmv2] [T] [thread 103109] [20.0] [cxt 0] ms1.p4(166) Primitive latestVer.read(latest, (bit<32>)(hdr.kvs.first))
[10:13:50.381] [bmv2] [T] [thread 103109] [20.0] [cxt 0] Read register 'MyIngress.latestVer' at index 1 read value 0
[10:13:50.381] [bmv2] [T] [thread 103109] [20.0] [cxt 0] Primitive (no source info)
[10:13:50.381] [bmv2] [D] [thread 103109] [20.0] [cxt 0] Pipeline 'ingress': end
[10:13:50.381] [bmv2] [D] [thread 103109] [20.0] [cxt 0] Egress port is 1
[10:13:50.381] [bmv2] [D] [thread 103111] [20.0] [cxt 0] Pipeline 'egress': start
[10:13:50.381] [bmv2] [T] [thread 103111] [20.0] [cxt 0] ms1.p4(233) Condition "hdr.response[0].isValid() && hdr.kvs.op == 3" (node_7) is false
[10:13:50.381] [bmv2] [D] [thread 103111] [20.0] [cxt 0] Pipeline 'egress': end
[10:13:50.381] [bmv2] [D] [thread 103111] [20.0] [cxt 0] Deparser 'deparser': start
[10:13:50.381] [bmv2] [D] [thread 103111] [20.0] [cxt 0] Updating checksum 'cksum'
[10:13:50.381] [bmv2] [D] [thread 103111] [20.0] [cxt 0] Deparsing header 'ethernet'
[10:13:50.381] [bmv2] [D] [thread 103111] [20.0] [cxt 0] Deparsing header 'response[0]'
[10:13:50.381] [bmv2] [D] [thread 103111] [20.0] [cxt 0] Deparsing header 'ipv4'
[10:13:50.381] [bmv2] [D] [thread 103111] [20.0] [cxt 0] Deparsing header 'kvs'
[10:13:50.381] [bmv2] [D] [thread 103111] [20.0] [cxt 0] Deparsing header 'tcp'
[10:13:50.381] [bmv2] [D] [thread 103111] [20.0] [cxt 0] Deparser 'deparser': end
[10:13:50.381] [bmv2] [D] [thread 103114] [20.0] [cxt 0] Transmitting packet of size 71 out of port 1
[10:13:51.499] [bmv2] [D] [thread 103109] [21.0] [cxt 0] Processing packet received on port 1
[10:13:51.499] [bmv2] [D] [thread 103109] [21.0] [cxt 0] Parser 'parser': start
[10:13:51.499] [bmv2] [D] [thread 103109] [21.0] [cxt 0] Parser 'parser' entering state 'start'
[10:13:51.499] [bmv2] [D] [thread 103109] [21.0] [cxt 0] Extracting header 'ethernet'
[10:13:51.499] [bmv2] [D] [thread 103109] [21.0] [cxt 0] Parser state 'start': key is 86dd
[10:13:51.499] [bmv2] [T] [thread 103109] [21.0] [cxt 0] Bytes parsed: 14
[10:13:51.499] [bmv2] [D] [thread 103109] [21.0] [cxt 0] Parser 'parser': end
[10:13:51.499] [bmv2] [D] [thread 103109] [21.0] [cxt 0] Pipeline 'ingress': start
[10:13:51.499] [bmv2] [T] [thread 103109] [21.0] [cxt 0] ms1.p4(216) Condition "hdr.response[0].isValid()" (node_2) is false
[10:13:51.499] [bmv2] [D] [thread 103109] [21.0] [cxt 0] Pipeline 'ingress': end
[10:13:51.499] [bmv2] [D] [thread 103109] [21.0] [cxt 0] Egress port is 0
[10:13:51.499] [bmv2] [D] [thread 103110] [21.0] [cxt 0] Pipeline 'egress': start
[10:13:51.499] [bmv2] [T] [thread 103110] [21.0] [cxt 0] ms1.p4(233) Condition "hdr.response[0].isValid() && hdr.kvs.op == 3" (node_7) is false
[10:13:51.499] [bmv2] [D] [thread 103110] [21.0] [cxt 0] Pipeline 'egress': end
[10:13:51.499] [bmv2] [D] [thread 103110] [21.0] [cxt 0] Deparser 'deparser': start
[10:13:51.499] [bmv2] [T] [thread 103110] [21.0] [cxt 0] Skipping checksum 'cksum' update because condition not met
[10:13:51.499] [bmv2] [D] [thread 103110] [21.0] [cxt 0] Deparsing header 'ethernet'
[10:13:51.499] [bmv2] [D] [thread 103110] [21.0] [cxt 0] Deparser 'deparser': end
[10:13:51.499] [bmv2] [D] [thread 103114] [21.0] [cxt 0] Transmitting packet of size 220 out of port 0
[10:13:51.975] [bmv2] [D] [thread 103109] [22.0] [cxt 0] Processing packet received on port 1
[10:13:51.975] [bmv2] [D] [thread 103109] [22.0] [cxt 0] Parser 'parser': start
[10:13:51.975] [bmv2] [D] [thread 103109] [22.0] [cxt 0] Parser 'parser' entering state 'start'
[10:13:51.975] [bmv2] [D] [thread 103109] [22.0] [cxt 0] Extracting header 'ethernet'
[10:13:51.975] [bmv2] [D] [thread 103109] [22.0] [cxt 0] Parser state 'start': key is 86dd
[10:13:51.975] [bmv2] [T] [thread 103109] [22.0] [cxt 0] Bytes parsed: 14
[10:13:51.975] [bmv2] [D] [thread 103109] [22.0] [cxt 0] Parser 'parser': end
[10:13:51.975] [bmv2] [D] [thread 103109] [22.0] [cxt 0] Pipeline 'ingress': start
[10:13:51.975] [bmv2] [T] [thread 103109] [22.0] [cxt 0] ms1.p4(216) Condition "hdr.response[0].isValid()" (node_2) is false
[10:13:51.975] [bmv2] [D] [thread 103109] [22.0] [cxt 0] Pipeline 'ingress': end
[10:13:51.975] [bmv2] [D] [thread 103109] [22.0] [cxt 0] Egress port is 0
[10:13:51.975] [bmv2] [D] [thread 103110] [22.0] [cxt 0] Pipeline 'egress': start
[10:13:51.975] [bmv2] [T] [thread 103110] [22.0] [cxt 0] ms1.p4(233) Condition "hdr.response[0].isValid() && hdr.kvs.op == 3" (node_7) is false
[10:13:51.975] [bmv2] [D] [thread 103110] [22.0] [cxt 0] Pipeline 'egress': end
[10:13:51.975] [bmv2] [D] [thread 103110] [22.0] [cxt 0] Deparser 'deparser': start
[10:13:51.975] [bmv2] [T] [thread 103110] [22.0] [cxt 0] Skipping checksum 'cksum' update because condition not met
[10:13:51.975] [bmv2] [D] [thread 103110] [22.0] [cxt 0] Deparsing header 'ethernet'
[10:13:51.975] [bmv2] [D] [thread 103110] [22.0] [cxt 0] Deparser 'deparser': end
[10:13:51.975] [bmv2] [D] [thread 103114] [22.0] [cxt 0] Transmitting packet of size 70 out of port 0
[10:14:02.056] [bmv2] [D] [thread 103109] [23.0] [cxt 0] Processing packet received on port 1
[10:14:02.056] [bmv2] [D] [thread 103109] [23.0] [cxt 0] Parser 'parser': start
[10:14:02.056] [bmv2] [D] [thread 103109] [23.0] [cxt 0] Parser 'parser' entering state 'start'
[10:14:02.056] [bmv2] [D] [thread 103109] [23.0] [cxt 0] Extracting header 'ethernet'
[10:14:02.056] [bmv2] [D] [thread 103109] [23.0] [cxt 0] Parser state 'start': key is 1234
[10:14:02.056] [bmv2] [T] [thread 103109] [23.0] [cxt 0] Bytes parsed: 14
[10:14:02.056] [bmv2] [D] [thread 103109] [23.0] [cxt 0] Parser 'parser' entering state 'parse_response'
[10:14:02.056] [bmv2] [D] [thread 103109] [23.0] [cxt 0] Extracting to header stack 0, next header is 6
[10:14:02.056] [bmv2] [D] [thread 103109] [23.0] [cxt 0] Parser state 'parse_response': key is 01
[10:14:02.056] [bmv2] [T] [thread 103109] [23.0] [cxt 0] Bytes parsed: 19
[10:14:02.056] [bmv2] [D] [thread 103109] [23.0] [cxt 0] Parser 'parser' entering state 'parse_ipv4'
[10:14:02.056] [bmv2] [D] [thread 103109] [23.0] [cxt 0] Extracting header 'ipv4'
[10:14:02.056] [bmv2] [D] [thread 103109] [23.0] [cxt 0] Parser state 'parse_ipv4': key is 91
[10:14:02.056] [bmv2] [T] [thread 103109] [23.0] [cxt 0] Bytes parsed: 39
[10:14:02.056] [bmv2] [D] [thread 103109] [23.0] [cxt 0] Parser 'parser' entering state 'parse_kvs'
[10:14:02.056] [bmv2] [D] [thread 103109] [23.0] [cxt 0] Extracting header 'kvs'
[10:14:02.056] [bmv2] [D] [thread 103109] [23.0] [cxt 0] Parser state 'parse_kvs': key is 06
[10:14:02.056] [bmv2] [T] [thread 103109] [23.0] [cxt 0] Bytes parsed: 51
[10:14:02.056] [bmv2] [D] [thread 103109] [23.0] [cxt 0] Parser 'parser' entering state 'parse_tcp'
[10:14:02.056] [bmv2] [D] [thread 103109] [23.0] [cxt 0] Extracting header 'tcp'
[10:14:02.056] [bmv2] [D] [thread 103109] [23.0] [cxt 0] Parser state 'parse_tcp' has no switch, going to default next state
[10:14:02.056] [bmv2] [T] [thread 103109] [23.0] [cxt 0] Bytes parsed: 71
[10:14:02.056] [bmv2] [D] [thread 103109] [23.0] [cxt 0] Parser 'parser': end
[10:14:02.056] [bmv2] [D] [thread 103109] [23.0] [cxt 0] Pipeline 'ingress': start
[10:14:02.056] [bmv2] [T] [thread 103109] [23.0] [cxt 0] ms1.p4(216) Condition "hdr.response[0].isValid()" (node_2) is true
[10:14:02.056] [bmv2] [T] [thread 103109] [23.0] [cxt 0] Applying table 'MyIngress.ipv4_lpm'
[10:14:02.056] [bmv2] [D] [thread 103109] [23.0] [cxt 0] Looking up key:
* hdr.ipv4.dstAddr    : 0a000101

[10:14:02.056] [bmv2] [D] [thread 103109] [23.0] [cxt 0] Table 'MyIngress.ipv4_lpm': hit with handle 0
[10:14:02.056] [bmv2] [D] [thread 103109] [23.0] [cxt 0] Dumping entry 0
Match key:
* hdr.ipv4.dstAddr    : LPM       0a000101/32
Action entry: MyIngress.set_nhop - a000101,1,

[10:14:02.056] [bmv2] [D] [thread 103109] [23.0] [cxt 0] Action entry is MyIngress.set_nhop - a000101,1,
[10:14:02.056] [bmv2] [T] [thread 103109] [23.0] [cxt 0] Action MyIngress.set_nhop
[10:14:02.056] [bmv2] [T] [thread 103109] [23.0] [cxt 0] ms1.p4(148) Primitive hdr.ipv4.dstAddr = dstAddr
[10:14:02.056] [bmv2] [T] [thread 103109] [23.0] [cxt 0] ms1.p4(149) Primitive port_t temp = hdr.tcp.srcPort;
[10:14:02.056] [bmv2] [T] [thread 103109] [23.0] [cxt 0] ms1.p4(150) Primitive hdr.tcp.srcPort = hdr.tcp.dstPort
[10:14:02.056] [bmv2] [T] [thread 103109] [23.0] [cxt 0] ms1.p4(151) Primitive hdr.tcp.dstPort = temp
[10:14:02.056] [bmv2] [T] [thread 103109] [23.0] [cxt 0] ms1.p4(152) Primitive standard_metadata.egress_spec = port
[10:14:02.056] [bmv2] [T] [thread 103109] [23.0] [cxt 0] Applying table 'MyIngress.kvs'
[10:14:02.056] [bmv2] [D] [thread 103109] [23.0] [cxt 0] Looking up key:
* hdr.kvs.op          : 01

[10:14:02.056] [bmv2] [D] [thread 103109] [23.0] [cxt 0] Table 'MyIngress.kvs': hit with handle 0
[10:14:02.056] [bmv2] [D] [thread 103109] [23.0] [cxt 0] Dumping entry 0
Match key:
* hdr.kvs.op          : EXACT     01
Action entry: MyIngress.get - 

[10:14:02.056] [bmv2] [D] [thread 103109] [23.0] [cxt 0] Action entry is MyIngress.get - 
[10:14:02.056] [bmv2] [T] [thread 103109] [23.0] [cxt 0] Action MyIngress.get
[10:14:02.056] [bmv2] [T] [thread 103109] [23.0] [cxt 0] ms1.p4(162) Primitive (bit<32>)hdr.kvs.first + 1025 * ver
[10:14:02.056] [bmv2] [T] [thread 103109] [23.0] [cxt 0] ms1.p4(162) Primitive database.read(hdr.response[0].value, (bit<32>)hdr.kvs.first + 1025 * ver)
[10:14:02.056] [bmv2] [T] [thread 103109] [23.0] [cxt 0] Read register 'MyIngress.database' at index 2052 read value 0
[10:14:02.056] [bmv2] [T] [thread 103109] [23.0] [cxt 0] ms1.p4(163) Primitive (bit<32>)(hdr.kvs.first)
[10:14:02.056] [bmv2] [T] [thread 103109] [23.0] [cxt 0] ms1.p4(163) Primitive notNull.read(hdr.response[0].notNull, (bit<32>)(hdr.kvs.first))
[10:14:02.056] [bmv2] [T] [thread 103109] [23.0] [cxt 0] Read register 'MyIngress.notNull' at index 2 read value 0
[10:14:02.056] [bmv2] [T] [thread 103109] [23.0] [cxt 0] ms1.p4(166) Primitive (bit<32>)(hdr.kvs.first)
[10:14:02.056] [bmv2] [T] [thread 103109] [23.0] [cxt 0] ms1.p4(166) Primitive latestVer.read(latest, (bit<32>)(hdr.kvs.first))
[10:14:02.056] [bmv2] [T] [thread 103109] [23.0] [cxt 0] Read register 'MyIngress.latestVer' at index 2 read value 0
[10:14:02.056] [bmv2] [T] [thread 103109] [23.0] [cxt 0] Primitive (no source info)
[10:14:02.056] [bmv2] [D] [thread 103109] [23.0] [cxt 0] Pipeline 'ingress': end
[10:14:02.056] [bmv2] [D] [thread 103109] [23.0] [cxt 0] Egress port is 1
[10:14:02.057] [bmv2] [D] [thread 103111] [23.0] [cxt 0] Pipeline 'egress': start
[10:14:02.057] [bmv2] [T] [thread 103111] [23.0] [cxt 0] ms1.p4(233) Condition "hdr.response[0].isValid() && hdr.kvs.op == 3" (node_7) is false
[10:14:02.057] [bmv2] [D] [thread 103111] [23.0] [cxt 0] Pipeline 'egress': end
[10:14:02.057] [bmv2] [D] [thread 103111] [23.0] [cxt 0] Deparser 'deparser': start
[10:14:02.057] [bmv2] [D] [thread 103111] [23.0] [cxt 0] Updating checksum 'cksum'
[10:14:02.057] [bmv2] [D] [thread 103111] [23.0] [cxt 0] Deparsing header 'ethernet'
[10:14:02.057] [bmv2] [D] [thread 103111] [23.0] [cxt 0] Deparsing header 'response[0]'
[10:14:02.057] [bmv2] [D] [thread 103111] [23.0] [cxt 0] Deparsing header 'ipv4'
[10:14:02.057] [bmv2] [D] [thread 103111] [23.0] [cxt 0] Deparsing header 'kvs'
[10:14:02.057] [bmv2] [D] [thread 103111] [23.0] [cxt 0] Deparsing header 'tcp'
[10:14:02.057] [bmv2] [D] [thread 103111] [23.0] [cxt 0] Deparser 'deparser': end
[10:14:02.057] [bmv2] [D] [thread 103114] [23.0] [cxt 0] Transmitting packet of size 71 out of port 1
[10:14:23.501] [bmv2] [D] [thread 103109] [24.0] [cxt 0] Processing packet received on port 1
[10:14:23.501] [bmv2] [D] [thread 103109] [24.0] [cxt 0] Parser 'parser': start
[10:14:23.501] [bmv2] [D] [thread 103109] [24.0] [cxt 0] Parser 'parser' entering state 'start'
[10:14:23.501] [bmv2] [D] [thread 103109] [24.0] [cxt 0] Extracting header 'ethernet'
[10:14:23.501] [bmv2] [D] [thread 103109] [24.0] [cxt 0] Parser state 'start': key is 86dd
[10:14:23.501] [bmv2] [T] [thread 103109] [24.0] [cxt 0] Bytes parsed: 14
[10:14:23.501] [bmv2] [D] [thread 103109] [24.0] [cxt 0] Parser 'parser': end
[10:14:23.501] [bmv2] [D] [thread 103109] [24.0] [cxt 0] Pipeline 'ingress': start
[10:14:23.501] [bmv2] [T] [thread 103109] [24.0] [cxt 0] ms1.p4(216) Condition "hdr.response[0].isValid()" (node_2) is false
[10:14:23.501] [bmv2] [D] [thread 103109] [24.0] [cxt 0] Pipeline 'ingress': end
[10:14:23.501] [bmv2] [D] [thread 103109] [24.0] [cxt 0] Egress port is 0
[10:14:23.501] [bmv2] [D] [thread 103110] [24.0] [cxt 0] Pipeline 'egress': start
[10:14:23.501] [bmv2] [T] [thread 103110] [24.0] [cxt 0] ms1.p4(233) Condition "hdr.response[0].isValid() && hdr.kvs.op == 3" (node_7) is false
[10:14:23.501] [bmv2] [D] [thread 103110] [24.0] [cxt 0] Pipeline 'egress': end
[10:14:23.501] [bmv2] [D] [thread 103110] [24.0] [cxt 0] Deparser 'deparser': start
[10:14:23.501] [bmv2] [T] [thread 103110] [24.0] [cxt 0] Skipping checksum 'cksum' update because condition not met
[10:14:23.501] [bmv2] [D] [thread 103110] [24.0] [cxt 0] Deparsing header 'ethernet'
[10:14:23.501] [bmv2] [D] [thread 103110] [24.0] [cxt 0] Deparser 'deparser': end
[10:14:23.501] [bmv2] [D] [thread 103114] [24.0] [cxt 0] Transmitting packet of size 220 out of port 0
[10:14:26.791] [bmv2] [D] [thread 103109] [25.0] [cxt 0] Processing packet received on port 1
[10:14:26.791] [bmv2] [D] [thread 103109] [25.0] [cxt 0] Parser 'parser': start
[10:14:26.791] [bmv2] [D] [thread 103109] [25.0] [cxt 0] Parser 'parser' entering state 'start'
[10:14:26.791] [bmv2] [D] [thread 103109] [25.0] [cxt 0] Extracting header 'ethernet'
[10:14:26.791] [bmv2] [D] [thread 103109] [25.0] [cxt 0] Parser state 'start': key is 86dd
[10:14:26.791] [bmv2] [T] [thread 103109] [25.0] [cxt 0] Bytes parsed: 14
[10:14:26.791] [bmv2] [D] [thread 103109] [25.0] [cxt 0] Parser 'parser': end
[10:14:26.791] [bmv2] [D] [thread 103109] [25.0] [cxt 0] Pipeline 'ingress': start
[10:14:26.791] [bmv2] [T] [thread 103109] [25.0] [cxt 0] ms1.p4(216) Condition "hdr.response[0].isValid()" (node_2) is false
[10:14:26.791] [bmv2] [D] [thread 103109] [25.0] [cxt 0] Pipeline 'ingress': end
[10:14:26.791] [bmv2] [D] [thread 103109] [25.0] [cxt 0] Egress port is 0
[10:14:26.791] [bmv2] [D] [thread 103110] [25.0] [cxt 0] Pipeline 'egress': start
[10:14:26.791] [bmv2] [T] [thread 103110] [25.0] [cxt 0] ms1.p4(233) Condition "hdr.response[0].isValid() && hdr.kvs.op == 3" (node_7) is false
[10:14:26.791] [bmv2] [D] [thread 103110] [25.0] [cxt 0] Pipeline 'egress': end
[10:14:26.791] [bmv2] [D] [thread 103110] [25.0] [cxt 0] Deparser 'deparser': start
[10:14:26.791] [bmv2] [T] [thread 103110] [25.0] [cxt 0] Skipping checksum 'cksum' update because condition not met
[10:14:26.791] [bmv2] [D] [thread 103110] [25.0] [cxt 0] Deparsing header 'ethernet'
[10:14:26.791] [bmv2] [D] [thread 103110] [25.0] [cxt 0] Deparser 'deparser': end
[10:14:26.791] [bmv2] [D] [thread 103114] [25.0] [cxt 0] Transmitting packet of size 70 out of port 0
[10:14:44.736] [bmv2] [D] [thread 103109] [26.0] [cxt 0] Processing packet received on port 1
[10:14:44.736] [bmv2] [D] [thread 103109] [26.0] [cxt 0] Parser 'parser': start
[10:14:44.736] [bmv2] [D] [thread 103109] [26.0] [cxt 0] Parser 'parser' entering state 'start'
[10:14:44.736] [bmv2] [D] [thread 103109] [26.0] [cxt 0] Extracting header 'ethernet'
[10:14:44.736] [bmv2] [D] [thread 103109] [26.0] [cxt 0] Parser state 'start': key is 1234
[10:14:44.736] [bmv2] [T] [thread 103109] [26.0] [cxt 0] Bytes parsed: 14
[10:14:44.736] [bmv2] [D] [thread 103109] [26.0] [cxt 0] Parser 'parser' entering state 'parse_response'
[10:14:44.736] [bmv2] [D] [thread 103109] [26.0] [cxt 0] Extracting to header stack 0, next header is 6
[10:14:44.736] [bmv2] [D] [thread 103109] [26.0] [cxt 0] Parser state 'parse_response': key is 01
[10:14:44.736] [bmv2] [T] [thread 103109] [26.0] [cxt 0] Bytes parsed: 19
[10:14:44.736] [bmv2] [D] [thread 103109] [26.0] [cxt 0] Parser 'parser' entering state 'parse_ipv4'
[10:14:44.736] [bmv2] [D] [thread 103109] [26.0] [cxt 0] Extracting header 'ipv4'
[10:14:44.736] [bmv2] [D] [thread 103109] [26.0] [cxt 0] Parser state 'parse_ipv4': key is 91
[10:14:44.736] [bmv2] [T] [thread 103109] [26.0] [cxt 0] Bytes parsed: 39
[10:14:44.736] [bmv2] [D] [thread 103109] [26.0] [cxt 0] Parser 'parser' entering state 'parse_kvs'
[10:14:44.736] [bmv2] [D] [thread 103109] [26.0] [cxt 0] Extracting header 'kvs'
[10:14:44.736] [bmv2] [D] [thread 103109] [26.0] [cxt 0] Parser state 'parse_kvs': key is 06
[10:14:44.736] [bmv2] [T] [thread 103109] [26.0] [cxt 0] Bytes parsed: 51
[10:14:44.736] [bmv2] [D] [thread 103109] [26.0] [cxt 0] Parser 'parser' entering state 'parse_tcp'
[10:14:44.736] [bmv2] [D] [thread 103109] [26.0] [cxt 0] Extracting header 'tcp'
[10:14:44.736] [bmv2] [D] [thread 103109] [26.0] [cxt 0] Parser state 'parse_tcp' has no switch, going to default next state
[10:14:44.736] [bmv2] [T] [thread 103109] [26.0] [cxt 0] Bytes parsed: 71
[10:14:44.736] [bmv2] [D] [thread 103109] [26.0] [cxt 0] Parser 'parser': end
[10:14:44.736] [bmv2] [D] [thread 103109] [26.0] [cxt 0] Pipeline 'ingress': start
[10:14:44.736] [bmv2] [T] [thread 103109] [26.0] [cxt 0] ms1.p4(216) Condition "hdr.response[0].isValid()" (node_2) is true
[10:14:44.736] [bmv2] [T] [thread 103109] [26.0] [cxt 0] Applying table 'MyIngress.ipv4_lpm'
[10:14:44.736] [bmv2] [D] [thread 103109] [26.0] [cxt 0] Looking up key:
* hdr.ipv4.dstAddr    : 0a000101

[10:14:44.736] [bmv2] [D] [thread 103109] [26.0] [cxt 0] Table 'MyIngress.ipv4_lpm': hit with handle 0
[10:14:44.736] [bmv2] [D] [thread 103109] [26.0] [cxt 0] Dumping entry 0
Match key:
* hdr.ipv4.dstAddr    : LPM       0a000101/32
Action entry: MyIngress.set_nhop - a000101,1,

[10:14:44.736] [bmv2] [D] [thread 103109] [26.0] [cxt 0] Action entry is MyIngress.set_nhop - a000101,1,
[10:14:44.736] [bmv2] [T] [thread 103109] [26.0] [cxt 0] Action MyIngress.set_nhop
[10:14:44.736] [bmv2] [T] [thread 103109] [26.0] [cxt 0] ms1.p4(148) Primitive hdr.ipv4.dstAddr = dstAddr
[10:14:44.736] [bmv2] [T] [thread 103109] [26.0] [cxt 0] ms1.p4(149) Primitive port_t temp = hdr.tcp.srcPort;
[10:14:44.736] [bmv2] [T] [thread 103109] [26.0] [cxt 0] ms1.p4(150) Primitive hdr.tcp.srcPort = hdr.tcp.dstPort
[10:14:44.736] [bmv2] [T] [thread 103109] [26.0] [cxt 0] ms1.p4(151) Primitive hdr.tcp.dstPort = temp
[10:14:44.736] [bmv2] [T] [thread 103109] [26.0] [cxt 0] ms1.p4(152) Primitive standard_metadata.egress_spec = port
[10:14:44.736] [bmv2] [T] [thread 103109] [26.0] [cxt 0] Applying table 'MyIngress.kvs'
[10:14:44.736] [bmv2] [D] [thread 103109] [26.0] [cxt 0] Looking up key:
* hdr.kvs.op          : 01

[10:14:44.736] [bmv2] [D] [thread 103109] [26.0] [cxt 0] Table 'MyIngress.kvs': hit with handle 0
[10:14:44.736] [bmv2] [D] [thread 103109] [26.0] [cxt 0] Dumping entry 0
Match key:
* hdr.kvs.op          : EXACT     01
Action entry: MyIngress.get - 

[10:14:44.736] [bmv2] [D] [thread 103109] [26.0] [cxt 0] Action entry is MyIngress.get - 
[10:14:44.736] [bmv2] [T] [thread 103109] [26.0] [cxt 0] Action MyIngress.get
[10:14:44.736] [bmv2] [T] [thread 103109] [26.0] [cxt 0] ms1.p4(162) Primitive (bit<32>)hdr.kvs.first + 1025 * ver
[10:14:44.736] [bmv2] [T] [thread 103109] [26.0] [cxt 0] ms1.p4(162) Primitive database.read(hdr.response[0].value, (bit<32>)hdr.kvs.first + 1025 * ver)
[10:14:44.736] [bmv2] [T] [thread 103109] [26.0] [cxt 0] Read register 'MyIngress.database' at index 2052 read value 0
[10:14:44.736] [bmv2] [T] [thread 103109] [26.0] [cxt 0] ms1.p4(163) Primitive (bit<32>)(hdr.kvs.first)
[10:14:44.736] [bmv2] [T] [thread 103109] [26.0] [cxt 0] ms1.p4(163) Primitive notNull.read(hdr.response[0].notNull, (bit<32>)(hdr.kvs.first))
[10:14:44.736] [bmv2] [T] [thread 103109] [26.0] [cxt 0] Read register 'MyIngress.notNull' at index 2 read value 0
[10:14:44.736] [bmv2] [T] [thread 103109] [26.0] [cxt 0] ms1.p4(166) Primitive (bit<32>)(hdr.kvs.first)
[10:14:44.736] [bmv2] [T] [thread 103109] [26.0] [cxt 0] ms1.p4(166) Primitive latestVer.read(latest, (bit<32>)(hdr.kvs.first))
[10:14:44.736] [bmv2] [T] [thread 103109] [26.0] [cxt 0] Read register 'MyIngress.latestVer' at index 2 read value 0
[10:14:44.736] [bmv2] [T] [thread 103109] [26.0] [cxt 0] Primitive (no source info)
[10:14:44.736] [bmv2] [D] [thread 103109] [26.0] [cxt 0] Pipeline 'ingress': end
[10:14:44.736] [bmv2] [D] [thread 103109] [26.0] [cxt 0] Egress port is 1
[10:14:44.736] [bmv2] [D] [thread 103111] [26.0] [cxt 0] Pipeline 'egress': start
[10:14:44.736] [bmv2] [T] [thread 103111] [26.0] [cxt 0] ms1.p4(233) Condition "hdr.response[0].isValid() && hdr.kvs.op == 3" (node_7) is false
[10:14:44.736] [bmv2] [D] [thread 103111] [26.0] [cxt 0] Pipeline 'egress': end
[10:14:44.736] [bmv2] [D] [thread 103111] [26.0] [cxt 0] Deparser 'deparser': start
[10:14:44.736] [bmv2] [D] [thread 103111] [26.0] [cxt 0] Updating checksum 'cksum'
[10:14:44.736] [bmv2] [D] [thread 103111] [26.0] [cxt 0] Deparsing header 'ethernet'
[10:14:44.736] [bmv2] [D] [thread 103111] [26.0] [cxt 0] Deparsing header 'response[0]'
[10:14:44.736] [bmv2] [D] [thread 103111] [26.0] [cxt 0] Deparsing header 'ipv4'
[10:14:44.736] [bmv2] [D] [thread 103111] [26.0] [cxt 0] Deparsing header 'kvs'
[10:14:44.736] [bmv2] [D] [thread 103111] [26.0] [cxt 0] Deparsing header 'tcp'
[10:14:44.736] [bmv2] [D] [thread 103111] [26.0] [cxt 0] Deparser 'deparser': end
[10:14:44.736] [bmv2] [D] [thread 103114] [26.0] [cxt 0] Transmitting packet of size 71 out of port 1
[10:15:27.502] [bmv2] [D] [thread 103109] [27.0] [cxt 0] Processing packet received on port 1
[10:15:27.502] [bmv2] [D] [thread 103109] [27.0] [cxt 0] Parser 'parser': start
[10:15:27.502] [bmv2] [D] [thread 103109] [27.0] [cxt 0] Parser 'parser' entering state 'start'
[10:15:27.502] [bmv2] [D] [thread 103109] [27.0] [cxt 0] Extracting header 'ethernet'
[10:15:27.502] [bmv2] [D] [thread 103109] [27.0] [cxt 0] Parser state 'start': key is 86dd
[10:15:27.502] [bmv2] [T] [thread 103109] [27.0] [cxt 0] Bytes parsed: 14
[10:15:27.502] [bmv2] [D] [thread 103109] [27.0] [cxt 0] Parser 'parser': end
[10:15:27.502] [bmv2] [D] [thread 103109] [27.0] [cxt 0] Pipeline 'ingress': start
[10:15:27.502] [bmv2] [T] [thread 103109] [27.0] [cxt 0] ms1.p4(216) Condition "hdr.response[0].isValid()" (node_2) is false
[10:15:27.502] [bmv2] [D] [thread 103109] [27.0] [cxt 0] Pipeline 'ingress': end
[10:15:27.502] [bmv2] [D] [thread 103109] [27.0] [cxt 0] Egress port is 0
[10:15:27.502] [bmv2] [D] [thread 103110] [27.0] [cxt 0] Pipeline 'egress': start
[10:15:27.502] [bmv2] [T] [thread 103110] [27.0] [cxt 0] ms1.p4(233) Condition "hdr.response[0].isValid() && hdr.kvs.op == 3" (node_7) is false
[10:15:27.502] [bmv2] [D] [thread 103110] [27.0] [cxt 0] Pipeline 'egress': end
[10:15:27.502] [bmv2] [D] [thread 103110] [27.0] [cxt 0] Deparser 'deparser': start
[10:15:27.502] [bmv2] [T] [thread 103110] [27.0] [cxt 0] Skipping checksum 'cksum' update because condition not met
[10:15:27.502] [bmv2] [D] [thread 103110] [27.0] [cxt 0] Deparsing header 'ethernet'
[10:15:27.502] [bmv2] [D] [thread 103110] [27.0] [cxt 0] Deparser 'deparser': end
[10:15:27.502] [bmv2] [D] [thread 103114] [27.0] [cxt 0] Transmitting packet of size 220 out of port 0
[10:15:29.460] [bmv2] [D] [thread 103109] [28.0] [cxt 0] Processing packet received on port 1
[10:15:29.460] [bmv2] [D] [thread 103109] [28.0] [cxt 0] Parser 'parser': start
[10:15:29.460] [bmv2] [D] [thread 103109] [28.0] [cxt 0] Parser 'parser' entering state 'start'
[10:15:29.460] [bmv2] [D] [thread 103109] [28.0] [cxt 0] Extracting header 'ethernet'
[10:15:29.460] [bmv2] [D] [thread 103109] [28.0] [cxt 0] Parser state 'start': key is 1234
[10:15:29.460] [bmv2] [T] [thread 103109] [28.0] [cxt 0] Bytes parsed: 14
[10:15:29.460] [bmv2] [D] [thread 103109] [28.0] [cxt 0] Parser 'parser' entering state 'parse_response'
[10:15:29.460] [bmv2] [D] [thread 103109] [28.0] [cxt 0] Extracting to header stack 0, next header is 6
[10:15:29.460] [bmv2] [D] [thread 103109] [28.0] [cxt 0] Parser state 'parse_response': key is 01
[10:15:29.460] [bmv2] [T] [thread 103109] [28.0] [cxt 0] Bytes parsed: 19
[10:15:29.460] [bmv2] [D] [thread 103109] [28.0] [cxt 0] Parser 'parser' entering state 'parse_ipv4'
[10:15:29.460] [bmv2] [D] [thread 103109] [28.0] [cxt 0] Extracting header 'ipv4'
[10:15:29.460] [bmv2] [D] [thread 103109] [28.0] [cxt 0] Parser state 'parse_ipv4': key is 91
[10:15:29.460] [bmv2] [T] [thread 103109] [28.0] [cxt 0] Bytes parsed: 39
[10:15:29.460] [bmv2] [D] [thread 103109] [28.0] [cxt 0] Parser 'parser' entering state 'parse_kvs'
[10:15:29.460] [bmv2] [D] [thread 103109] [28.0] [cxt 0] Extracting header 'kvs'
[10:15:29.460] [bmv2] [D] [thread 103109] [28.0] [cxt 0] Parser state 'parse_kvs': key is 06
[10:15:29.460] [bmv2] [T] [thread 103109] [28.0] [cxt 0] Bytes parsed: 51
[10:15:29.460] [bmv2] [D] [thread 103109] [28.0] [cxt 0] Parser 'parser' entering state 'parse_tcp'
[10:15:29.460] [bmv2] [D] [thread 103109] [28.0] [cxt 0] Extracting header 'tcp'
[10:15:29.460] [bmv2] [D] [thread 103109] [28.0] [cxt 0] Parser state 'parse_tcp' has no switch, going to default next state
[10:15:29.460] [bmv2] [T] [thread 103109] [28.0] [cxt 0] Bytes parsed: 71
[10:15:29.460] [bmv2] [D] [thread 103109] [28.0] [cxt 0] Parser 'parser': end
[10:15:29.460] [bmv2] [D] [thread 103109] [28.0] [cxt 0] Pipeline 'ingress': start
[10:15:29.460] [bmv2] [T] [thread 103109] [28.0] [cxt 0] ms1.p4(216) Condition "hdr.response[0].isValid()" (node_2) is true
[10:15:29.460] [bmv2] [T] [thread 103109] [28.0] [cxt 0] Applying table 'MyIngress.ipv4_lpm'
[10:15:29.460] [bmv2] [D] [thread 103109] [28.0] [cxt 0] Looking up key:
* hdr.ipv4.dstAddr    : 0a000101

[10:15:29.460] [bmv2] [D] [thread 103109] [28.0] [cxt 0] Table 'MyIngress.ipv4_lpm': hit with handle 0
[10:15:29.460] [bmv2] [D] [thread 103109] [28.0] [cxt 0] Dumping entry 0
Match key:
* hdr.ipv4.dstAddr    : LPM       0a000101/32
Action entry: MyIngress.set_nhop - a000101,1,

[10:15:29.460] [bmv2] [D] [thread 103109] [28.0] [cxt 0] Action entry is MyIngress.set_nhop - a000101,1,
[10:15:29.460] [bmv2] [T] [thread 103109] [28.0] [cxt 0] Action MyIngress.set_nhop
[10:15:29.460] [bmv2] [T] [thread 103109] [28.0] [cxt 0] ms1.p4(148) Primitive hdr.ipv4.dstAddr = dstAddr
[10:15:29.460] [bmv2] [T] [thread 103109] [28.0] [cxt 0] ms1.p4(149) Primitive port_t temp = hdr.tcp.srcPort;
[10:15:29.460] [bmv2] [T] [thread 103109] [28.0] [cxt 0] ms1.p4(150) Primitive hdr.tcp.srcPort = hdr.tcp.dstPort
[10:15:29.460] [bmv2] [T] [thread 103109] [28.0] [cxt 0] ms1.p4(151) Primitive hdr.tcp.dstPort = temp
[10:15:29.460] [bmv2] [T] [thread 103109] [28.0] [cxt 0] ms1.p4(152) Primitive standard_metadata.egress_spec = port
[10:15:29.460] [bmv2] [T] [thread 103109] [28.0] [cxt 0] Applying table 'MyIngress.kvs'
[10:15:29.460] [bmv2] [D] [thread 103109] [28.0] [cxt 0] Looking up key:
* hdr.kvs.op          : 01

[10:15:29.460] [bmv2] [D] [thread 103109] [28.0] [cxt 0] Table 'MyIngress.kvs': hit with handle 0
[10:15:29.460] [bmv2] [D] [thread 103109] [28.0] [cxt 0] Dumping entry 0
Match key:
* hdr.kvs.op          : EXACT     01
Action entry: MyIngress.get - 

[10:15:29.460] [bmv2] [D] [thread 103109] [28.0] [cxt 0] Action entry is MyIngress.get - 
[10:15:29.460] [bmv2] [T] [thread 103109] [28.0] [cxt 0] Action MyIngress.get
[10:15:29.460] [bmv2] [T] [thread 103109] [28.0] [cxt 0] ms1.p4(162) Primitive (bit<32>)hdr.kvs.first + 1025 * ver
[10:15:29.460] [bmv2] [T] [thread 103109] [28.0] [cxt 0] ms1.p4(162) Primitive database.read(hdr.response[0].value, (bit<32>)hdr.kvs.first + 1025 * ver)
[10:15:29.460] [bmv2] [T] [thread 103109] [28.0] [cxt 0] Read register 'MyIngress.database' at index 2052 read value 0
[10:15:29.460] [bmv2] [T] [thread 103109] [28.0] [cxt 0] ms1.p4(163) Primitive (bit<32>)(hdr.kvs.first)
[10:15:29.460] [bmv2] [T] [thread 103109] [28.0] [cxt 0] ms1.p4(163) Primitive notNull.read(hdr.response[0].notNull, (bit<32>)(hdr.kvs.first))
[10:15:29.460] [bmv2] [T] [thread 103109] [28.0] [cxt 0] Read register 'MyIngress.notNull' at index 2 read value 0
[10:15:29.460] [bmv2] [T] [thread 103109] [28.0] [cxt 0] ms1.p4(166) Primitive (bit<32>)(hdr.kvs.first)
[10:15:29.460] [bmv2] [T] [thread 103109] [28.0] [cxt 0] ms1.p4(166) Primitive latestVer.read(latest, (bit<32>)(hdr.kvs.first))
[10:15:29.460] [bmv2] [T] [thread 103109] [28.0] [cxt 0] Read register 'MyIngress.latestVer' at index 2 read value 0
[10:15:29.460] [bmv2] [T] [thread 103109] [28.0] [cxt 0] Primitive (no source info)
[10:15:29.461] [bmv2] [D] [thread 103109] [28.0] [cxt 0] Pipeline 'ingress': end
[10:15:29.461] [bmv2] [D] [thread 103109] [28.0] [cxt 0] Egress port is 1
[10:15:29.461] [bmv2] [D] [thread 103111] [28.0] [cxt 0] Pipeline 'egress': start
[10:15:29.461] [bmv2] [T] [thread 103111] [28.0] [cxt 0] ms1.p4(233) Condition "hdr.response[0].isValid() && hdr.kvs.op == 3" (node_7) is false
[10:15:29.461] [bmv2] [D] [thread 103111] [28.0] [cxt 0] Pipeline 'egress': end
[10:15:29.461] [bmv2] [D] [thread 103111] [28.0] [cxt 0] Deparser 'deparser': start
[10:15:29.461] [bmv2] [D] [thread 103111] [28.0] [cxt 0] Updating checksum 'cksum'
[10:15:29.461] [bmv2] [D] [thread 103111] [28.0] [cxt 0] Deparsing header 'ethernet'
[10:15:29.461] [bmv2] [D] [thread 103111] [28.0] [cxt 0] Deparsing header 'response[0]'
[10:15:29.461] [bmv2] [D] [thread 103111] [28.0] [cxt 0] Deparsing header 'ipv4'
[10:15:29.461] [bmv2] [D] [thread 103111] [28.0] [cxt 0] Deparsing header 'kvs'
[10:15:29.461] [bmv2] [D] [thread 103111] [28.0] [cxt 0] Deparsing header 'tcp'
[10:15:29.461] [bmv2] [D] [thread 103111] [28.0] [cxt 0] Deparser 'deparser': end
[10:15:29.461] [bmv2] [D] [thread 103114] [28.0] [cxt 0] Transmitting packet of size 71 out of port 1
[10:15:32.327] [bmv2] [D] [thread 103109] [29.0] [cxt 0] Processing packet received on port 1
[10:15:32.327] [bmv2] [D] [thread 103109] [29.0] [cxt 0] Parser 'parser': start
[10:15:32.327] [bmv2] [D] [thread 103109] [29.0] [cxt 0] Parser 'parser' entering state 'start'
[10:15:32.327] [bmv2] [D] [thread 103109] [29.0] [cxt 0] Extracting header 'ethernet'
[10:15:32.327] [bmv2] [D] [thread 103109] [29.0] [cxt 0] Parser state 'start': key is 86dd
[10:15:32.327] [bmv2] [T] [thread 103109] [29.0] [cxt 0] Bytes parsed: 14
[10:15:32.327] [bmv2] [D] [thread 103109] [29.0] [cxt 0] Parser 'parser': end
[10:15:32.327] [bmv2] [D] [thread 103109] [29.0] [cxt 0] Pipeline 'ingress': start
[10:15:32.327] [bmv2] [T] [thread 103109] [29.0] [cxt 0] ms1.p4(216) Condition "hdr.response[0].isValid()" (node_2) is false
[10:15:32.327] [bmv2] [D] [thread 103109] [29.0] [cxt 0] Pipeline 'ingress': end
[10:15:32.327] [bmv2] [D] [thread 103109] [29.0] [cxt 0] Egress port is 0
[10:15:32.327] [bmv2] [D] [thread 103110] [29.0] [cxt 0] Pipeline 'egress': start
[10:15:32.327] [bmv2] [T] [thread 103110] [29.0] [cxt 0] ms1.p4(233) Condition "hdr.response[0].isValid() && hdr.kvs.op == 3" (node_7) is false
[10:15:32.327] [bmv2] [D] [thread 103110] [29.0] [cxt 0] Pipeline 'egress': end
[10:15:32.327] [bmv2] [D] [thread 103110] [29.0] [cxt 0] Deparser 'deparser': start
[10:15:32.327] [bmv2] [T] [thread 103110] [29.0] [cxt 0] Skipping checksum 'cksum' update because condition not met
[10:15:32.327] [bmv2] [D] [thread 103110] [29.0] [cxt 0] Deparsing header 'ethernet'
[10:15:32.327] [bmv2] [D] [thread 103110] [29.0] [cxt 0] Deparser 'deparser': end
[10:15:32.327] [bmv2] [D] [thread 103114] [29.0] [cxt 0] Transmitting packet of size 70 out of port 0
[10:16:13.956] [bmv2] [D] [thread 103109] [30.0] [cxt 0] Processing packet received on port 1
[10:16:13.956] [bmv2] [D] [thread 103109] [30.0] [cxt 0] Parser 'parser': start
[10:16:13.956] [bmv2] [D] [thread 103109] [30.0] [cxt 0] Parser 'parser' entering state 'start'
[10:16:13.956] [bmv2] [D] [thread 103109] [30.0] [cxt 0] Extracting header 'ethernet'
[10:16:13.956] [bmv2] [D] [thread 103109] [30.0] [cxt 0] Parser state 'start': key is 1234
[10:16:13.956] [bmv2] [T] [thread 103109] [30.0] [cxt 0] Bytes parsed: 14
[10:16:13.956] [bmv2] [D] [thread 103109] [30.0] [cxt 0] Parser 'parser' entering state 'parse_response'
[10:16:13.956] [bmv2] [D] [thread 103109] [30.0] [cxt 0] Extracting to header stack 0, next header is 6
[10:16:13.956] [bmv2] [D] [thread 103109] [30.0] [cxt 0] Parser state 'parse_response': key is 01
[10:16:13.956] [bmv2] [T] [thread 103109] [30.0] [cxt 0] Bytes parsed: 19
[10:16:13.956] [bmv2] [D] [thread 103109] [30.0] [cxt 0] Parser 'parser' entering state 'parse_ipv4'
[10:16:13.956] [bmv2] [D] [thread 103109] [30.0] [cxt 0] Extracting header 'ipv4'
[10:16:13.956] [bmv2] [D] [thread 103109] [30.0] [cxt 0] Parser state 'parse_ipv4': key is 91
[10:16:13.956] [bmv2] [T] [thread 103109] [30.0] [cxt 0] Bytes parsed: 39
[10:16:13.956] [bmv2] [D] [thread 103109] [30.0] [cxt 0] Parser 'parser' entering state 'parse_kvs'
[10:16:13.956] [bmv2] [D] [thread 103109] [30.0] [cxt 0] Extracting header 'kvs'
[10:16:13.956] [bmv2] [D] [thread 103109] [30.0] [cxt 0] Parser state 'parse_kvs': key is 06
[10:16:13.956] [bmv2] [T] [thread 103109] [30.0] [cxt 0] Bytes parsed: 51
[10:16:13.956] [bmv2] [D] [thread 103109] [30.0] [cxt 0] Parser 'parser' entering state 'parse_tcp'
[10:16:13.956] [bmv2] [D] [thread 103109] [30.0] [cxt 0] Extracting header 'tcp'
[10:16:13.956] [bmv2] [D] [thread 103109] [30.0] [cxt 0] Parser state 'parse_tcp' has no switch, going to default next state
[10:16:13.956] [bmv2] [T] [thread 103109] [30.0] [cxt 0] Bytes parsed: 71
[10:16:13.956] [bmv2] [D] [thread 103109] [30.0] [cxt 0] Parser 'parser': end
[10:16:13.956] [bmv2] [D] [thread 103109] [30.0] [cxt 0] Pipeline 'ingress': start
[10:16:13.956] [bmv2] [T] [thread 103109] [30.0] [cxt 0] ms1.p4(216) Condition "hdr.response[0].isValid()" (node_2) is true
[10:16:13.956] [bmv2] [T] [thread 103109] [30.0] [cxt 0] Applying table 'MyIngress.ipv4_lpm'
[10:16:13.956] [bmv2] [D] [thread 103109] [30.0] [cxt 0] Looking up key:
* hdr.ipv4.dstAddr    : 0a000101

[10:16:13.956] [bmv2] [D] [thread 103109] [30.0] [cxt 0] Table 'MyIngress.ipv4_lpm': hit with handle 0
[10:16:13.956] [bmv2] [D] [thread 103109] [30.0] [cxt 0] Dumping entry 0
Match key:
* hdr.ipv4.dstAddr    : LPM       0a000101/32
Action entry: MyIngress.set_nhop - a000101,1,

[10:16:13.956] [bmv2] [D] [thread 103109] [30.0] [cxt 0] Action entry is MyIngress.set_nhop - a000101,1,
[10:16:13.956] [bmv2] [T] [thread 103109] [30.0] [cxt 0] Action MyIngress.set_nhop
[10:16:13.956] [bmv2] [T] [thread 103109] [30.0] [cxt 0] ms1.p4(148) Primitive hdr.ipv4.dstAddr = dstAddr
[10:16:13.956] [bmv2] [T] [thread 103109] [30.0] [cxt 0] ms1.p4(149) Primitive port_t temp = hdr.tcp.srcPort;
[10:16:13.956] [bmv2] [T] [thread 103109] [30.0] [cxt 0] ms1.p4(150) Primitive hdr.tcp.srcPort = hdr.tcp.dstPort
[10:16:13.956] [bmv2] [T] [thread 103109] [30.0] [cxt 0] ms1.p4(151) Primitive hdr.tcp.dstPort = temp
[10:16:13.956] [bmv2] [T] [thread 103109] [30.0] [cxt 0] ms1.p4(152) Primitive standard_metadata.egress_spec = port
[10:16:13.956] [bmv2] [T] [thread 103109] [30.0] [cxt 0] Applying table 'MyIngress.kvs'
[10:16:13.956] [bmv2] [D] [thread 103109] [30.0] [cxt 0] Looking up key:
* hdr.kvs.op          : 02

[10:16:13.956] [bmv2] [D] [thread 103109] [30.0] [cxt 0] Table 'MyIngress.kvs': hit with handle 1
[10:16:13.956] [bmv2] [D] [thread 103109] [30.0] [cxt 0] Dumping entry 1
Match key:
* hdr.kvs.op          : EXACT     02
Action entry: MyIngress.put - 

[10:16:13.956] [bmv2] [D] [thread 103109] [30.0] [cxt 0] Action entry is MyIngress.put - 
[10:16:13.956] [bmv2] [T] [thread 103109] [30.0] [cxt 0] Action MyIngress.put
[10:16:13.956] [bmv2] [T] [thread 103109] [30.0] [cxt 0] ms1.p4(175) Primitive (bit<32>)hdr.kvs.first
[10:16:13.956] [bmv2] [T] [thread 103109] [30.0] [cxt 0] ms1.p4(175) Primitive latestVer.read(ver, (bit<32>)hdr.kvs.first)
[10:16:13.957] [bmv2] [T] [thread 103109] [30.0] [cxt 0] Read register 'MyIngress.latestVer' at index 2 read value 0
[10:16:13.957] [bmv2] [T] [thread 103109] [30.0] [cxt 0] ms1.p4(176) Primitive (bit<32>)hdr.kvs.first + 1025 * ver
[10:16:13.957] [bmv2] [T] [thread 103109] [30.0] [cxt 0] ms1.p4(176) Primitive database.write((bit<32>)hdr.kvs.first + 1025 * ver, hdr.kvs.second)
[10:16:13.957] [bmv2] [T] [thread 103109] [30.0] [cxt 0] Wrote register 'MyIngress.database' at index 2 with value 2
[10:16:13.957] [bmv2] [T] [thread 103109] [30.0] [cxt 0] ms1.p4(177) Primitive (bit<32>)hdr.kvs.first
[10:16:13.957] [bmv2] [T] [thread 103109] [30.0] [cxt 0] ms1.p4(177) Primitive notNull.write((bit<32>)hdr.kvs.first, 1)
[10:16:13.957] [bmv2] [T] [thread 103109] [30.0] [cxt 0] Wrote register 'MyIngress.notNull' at index 2 with value 1
[10:16:13.957] [bmv2] [T] [thread 103109] [30.0] [cxt 0] ms1.p4(178) Primitive ver = ver + 1
[10:16:13.957] [bmv2] [T] [thread 103109] [30.0] [cxt 0] ms1.p4(179) Primitive (bit<32>)hdr.kvs.first
[10:16:13.957] [bmv2] [T] [thread 103109] [30.0] [cxt 0] ms1.p4(179) Primitive latestVer.write((bit<32>)hdr.kvs.first, ver)
[10:16:13.957] [bmv2] [T] [thread 103109] [30.0] [cxt 0] Wrote register 'MyIngress.latestVer' at index 2 with value 1
[10:16:13.957] [bmv2] [D] [thread 103109] [30.0] [cxt 0] Pipeline 'ingress': end
[10:16:13.957] [bmv2] [D] [thread 103109] [30.0] [cxt 0] Egress port is 1
[10:16:13.957] [bmv2] [D] [thread 103111] [30.0] [cxt 0] Pipeline 'egress': start
[10:16:13.957] [bmv2] [T] [thread 103111] [30.0] [cxt 0] ms1.p4(233) Condition "hdr.response[0].isValid() && hdr.kvs.op == 3" (node_7) is false
[10:16:13.957] [bmv2] [D] [thread 103111] [30.0] [cxt 0] Pipeline 'egress': end
[10:16:13.957] [bmv2] [D] [thread 103111] [30.0] [cxt 0] Deparser 'deparser': start
[10:16:13.957] [bmv2] [D] [thread 103111] [30.0] [cxt 0] Updating checksum 'cksum'
[10:16:13.957] [bmv2] [D] [thread 103111] [30.0] [cxt 0] Deparsing header 'ethernet'
[10:16:13.957] [bmv2] [D] [thread 103111] [30.0] [cxt 0] Deparsing header 'response[0]'
[10:16:13.957] [bmv2] [D] [thread 103111] [30.0] [cxt 0] Deparsing header 'ipv4'
[10:16:13.957] [bmv2] [D] [thread 103111] [30.0] [cxt 0] Deparsing header 'kvs'
[10:16:13.957] [bmv2] [D] [thread 103111] [30.0] [cxt 0] Deparsing header 'tcp'
[10:16:13.957] [bmv2] [D] [thread 103111] [30.0] [cxt 0] Deparser 'deparser': end
[10:16:13.957] [bmv2] [D] [thread 103114] [30.0] [cxt 0] Transmitting packet of size 71 out of port 1
[10:16:44.256] [bmv2] [D] [thread 103109] [31.0] [cxt 0] Processing packet received on port 1
[10:16:44.256] [bmv2] [D] [thread 103109] [31.0] [cxt 0] Parser 'parser': start
[10:16:44.256] [bmv2] [D] [thread 103109] [31.0] [cxt 0] Parser 'parser' entering state 'start'
[10:16:44.256] [bmv2] [D] [thread 103109] [31.0] [cxt 0] Extracting header 'ethernet'
[10:16:44.256] [bmv2] [D] [thread 103109] [31.0] [cxt 0] Parser state 'start': key is 1234
[10:16:44.256] [bmv2] [T] [thread 103109] [31.0] [cxt 0] Bytes parsed: 14
[10:16:44.256] [bmv2] [D] [thread 103109] [31.0] [cxt 0] Parser 'parser' entering state 'parse_response'
[10:16:44.256] [bmv2] [D] [thread 103109] [31.0] [cxt 0] Extracting to header stack 0, next header is 6
[10:16:44.256] [bmv2] [D] [thread 103109] [31.0] [cxt 0] Parser state 'parse_response': key is 01
[10:16:44.256] [bmv2] [T] [thread 103109] [31.0] [cxt 0] Bytes parsed: 19
[10:16:44.256] [bmv2] [D] [thread 103109] [31.0] [cxt 0] Parser 'parser' entering state 'parse_ipv4'
[10:16:44.256] [bmv2] [D] [thread 103109] [31.0] [cxt 0] Extracting header 'ipv4'
[10:16:44.256] [bmv2] [D] [thread 103109] [31.0] [cxt 0] Parser state 'parse_ipv4': key is 91
[10:16:44.256] [bmv2] [T] [thread 103109] [31.0] [cxt 0] Bytes parsed: 39
[10:16:44.256] [bmv2] [D] [thread 103109] [31.0] [cxt 0] Parser 'parser' entering state 'parse_kvs'
[10:16:44.256] [bmv2] [D] [thread 103109] [31.0] [cxt 0] Extracting header 'kvs'
[10:16:44.256] [bmv2] [D] [thread 103109] [31.0] [cxt 0] Parser state 'parse_kvs': key is 06
[10:16:44.256] [bmv2] [T] [thread 103109] [31.0] [cxt 0] Bytes parsed: 51
[10:16:44.256] [bmv2] [D] [thread 103109] [31.0] [cxt 0] Parser 'parser' entering state 'parse_tcp'
[10:16:44.256] [bmv2] [D] [thread 103109] [31.0] [cxt 0] Extracting header 'tcp'
[10:16:44.256] [bmv2] [D] [thread 103109] [31.0] [cxt 0] Parser state 'parse_tcp' has no switch, going to default next state
[10:16:44.256] [bmv2] [T] [thread 103109] [31.0] [cxt 0] Bytes parsed: 71
[10:16:44.256] [bmv2] [D] [thread 103109] [31.0] [cxt 0] Parser 'parser': end
[10:16:44.256] [bmv2] [D] [thread 103109] [31.0] [cxt 0] Pipeline 'ingress': start
[10:16:44.256] [bmv2] [T] [thread 103109] [31.0] [cxt 0] ms1.p4(216) Condition "hdr.response[0].isValid()" (node_2) is true
[10:16:44.256] [bmv2] [T] [thread 103109] [31.0] [cxt 0] Applying table 'MyIngress.ipv4_lpm'
[10:16:44.256] [bmv2] [D] [thread 103109] [31.0] [cxt 0] Looking up key:
* hdr.ipv4.dstAddr    : 0a000101

[10:16:44.256] [bmv2] [D] [thread 103109] [31.0] [cxt 0] Table 'MyIngress.ipv4_lpm': hit with handle 0
[10:16:44.256] [bmv2] [D] [thread 103109] [31.0] [cxt 0] Dumping entry 0
Match key:
* hdr.ipv4.dstAddr    : LPM       0a000101/32
Action entry: MyIngress.set_nhop - a000101,1,

[10:16:44.256] [bmv2] [D] [thread 103109] [31.0] [cxt 0] Action entry is MyIngress.set_nhop - a000101,1,
[10:16:44.256] [bmv2] [T] [thread 103109] [31.0] [cxt 0] Action MyIngress.set_nhop
[10:16:44.256] [bmv2] [T] [thread 103109] [31.0] [cxt 0] ms1.p4(148) Primitive hdr.ipv4.dstAddr = dstAddr
[10:16:44.256] [bmv2] [T] [thread 103109] [31.0] [cxt 0] ms1.p4(149) Primitive port_t temp = hdr.tcp.srcPort;
[10:16:44.256] [bmv2] [T] [thread 103109] [31.0] [cxt 0] ms1.p4(150) Primitive hdr.tcp.srcPort = hdr.tcp.dstPort
[10:16:44.256] [bmv2] [T] [thread 103109] [31.0] [cxt 0] ms1.p4(151) Primitive hdr.tcp.dstPort = temp
[10:16:44.256] [bmv2] [T] [thread 103109] [31.0] [cxt 0] ms1.p4(152) Primitive standard_metadata.egress_spec = port
[10:16:44.256] [bmv2] [T] [thread 103109] [31.0] [cxt 0] Applying table 'MyIngress.kvs'
[10:16:44.256] [bmv2] [D] [thread 103109] [31.0] [cxt 0] Looking up key:
* hdr.kvs.op          : 02

[10:16:44.256] [bmv2] [D] [thread 103109] [31.0] [cxt 0] Table 'MyIngress.kvs': hit with handle 1
[10:16:44.256] [bmv2] [D] [thread 103109] [31.0] [cxt 0] Dumping entry 1
Match key:
* hdr.kvs.op          : EXACT     02
Action entry: MyIngress.put - 

[10:16:44.256] [bmv2] [D] [thread 103109] [31.0] [cxt 0] Action entry is MyIngress.put - 
[10:16:44.256] [bmv2] [T] [thread 103109] [31.0] [cxt 0] Action MyIngress.put
[10:16:44.256] [bmv2] [T] [thread 103109] [31.0] [cxt 0] ms1.p4(175) Primitive (bit<32>)hdr.kvs.first
[10:16:44.256] [bmv2] [T] [thread 103109] [31.0] [cxt 0] ms1.p4(175) Primitive latestVer.read(ver, (bit<32>)hdr.kvs.first)
[10:16:44.256] [bmv2] [T] [thread 103109] [31.0] [cxt 0] Read register 'MyIngress.latestVer' at index 1 read value 0
[10:16:44.256] [bmv2] [T] [thread 103109] [31.0] [cxt 0] ms1.p4(176) Primitive (bit<32>)hdr.kvs.first + 1025 * ver
[10:16:44.256] [bmv2] [T] [thread 103109] [31.0] [cxt 0] ms1.p4(176) Primitive database.write((bit<32>)hdr.kvs.first + 1025 * ver, hdr.kvs.second)
[10:16:44.256] [bmv2] [T] [thread 103109] [31.0] [cxt 0] Wrote register 'MyIngress.database' at index 1 with value 1
[10:16:44.256] [bmv2] [T] [thread 103109] [31.0] [cxt 0] ms1.p4(177) Primitive (bit<32>)hdr.kvs.first
[10:16:44.256] [bmv2] [T] [thread 103109] [31.0] [cxt 0] ms1.p4(177) Primitive notNull.write((bit<32>)hdr.kvs.first, 1)
[10:16:44.256] [bmv2] [T] [thread 103109] [31.0] [cxt 0] Wrote register 'MyIngress.notNull' at index 1 with value 1
[10:16:44.256] [bmv2] [T] [thread 103109] [31.0] [cxt 0] ms1.p4(178) Primitive ver = ver + 1
[10:16:44.256] [bmv2] [T] [thread 103109] [31.0] [cxt 0] ms1.p4(179) Primitive (bit<32>)hdr.kvs.first
[10:16:44.256] [bmv2] [T] [thread 103109] [31.0] [cxt 0] ms1.p4(179) Primitive latestVer.write((bit<32>)hdr.kvs.first, ver)
[10:16:44.256] [bmv2] [T] [thread 103109] [31.0] [cxt 0] Wrote register 'MyIngress.latestVer' at index 1 with value 1
[10:16:44.256] [bmv2] [D] [thread 103109] [31.0] [cxt 0] Pipeline 'ingress': end
[10:16:44.256] [bmv2] [D] [thread 103109] [31.0] [cxt 0] Egress port is 1
[10:16:44.257] [bmv2] [D] [thread 103111] [31.0] [cxt 0] Pipeline 'egress': start
[10:16:44.257] [bmv2] [T] [thread 103111] [31.0] [cxt 0] ms1.p4(233) Condition "hdr.response[0].isValid() && hdr.kvs.op == 3" (node_7) is false
[10:16:44.257] [bmv2] [D] [thread 103111] [31.0] [cxt 0] Pipeline 'egress': end
[10:16:44.257] [bmv2] [D] [thread 103111] [31.0] [cxt 0] Deparser 'deparser': start
[10:16:44.257] [bmv2] [D] [thread 103111] [31.0] [cxt 0] Updating checksum 'cksum'
[10:16:44.257] [bmv2] [D] [thread 103111] [31.0] [cxt 0] Deparsing header 'ethernet'
[10:16:44.257] [bmv2] [D] [thread 103111] [31.0] [cxt 0] Deparsing header 'response[0]'
[10:16:44.257] [bmv2] [D] [thread 103111] [31.0] [cxt 0] Deparsing header 'ipv4'
[10:16:44.257] [bmv2] [D] [thread 103111] [31.0] [cxt 0] Deparsing header 'kvs'
[10:16:44.257] [bmv2] [D] [thread 103111] [31.0] [cxt 0] Deparsing header 'tcp'
[10:16:44.257] [bmv2] [D] [thread 103111] [31.0] [cxt 0] Deparser 'deparser': end
[10:16:44.257] [bmv2] [D] [thread 103114] [31.0] [cxt 0] Transmitting packet of size 71 out of port 1
[10:16:57.768] [bmv2] [D] [thread 103109] [32.0] [cxt 0] Processing packet received on port 1
[10:16:57.768] [bmv2] [D] [thread 103109] [32.0] [cxt 0] Parser 'parser': start
[10:16:57.768] [bmv2] [D] [thread 103109] [32.0] [cxt 0] Parser 'parser' entering state 'start'
[10:16:57.768] [bmv2] [D] [thread 103109] [32.0] [cxt 0] Extracting header 'ethernet'
[10:16:57.768] [bmv2] [D] [thread 103109] [32.0] [cxt 0] Parser state 'start': key is 1234
[10:16:57.768] [bmv2] [T] [thread 103109] [32.0] [cxt 0] Bytes parsed: 14
[10:16:57.768] [bmv2] [D] [thread 103109] [32.0] [cxt 0] Parser 'parser' entering state 'parse_response'
[10:16:57.768] [bmv2] [D] [thread 103109] [32.0] [cxt 0] Extracting to header stack 0, next header is 6
[10:16:57.768] [bmv2] [D] [thread 103109] [32.0] [cxt 0] Parser state 'parse_response': key is 01
[10:16:57.768] [bmv2] [T] [thread 103109] [32.0] [cxt 0] Bytes parsed: 19
[10:16:57.768] [bmv2] [D] [thread 103109] [32.0] [cxt 0] Parser 'parser' entering state 'parse_ipv4'
[10:16:57.768] [bmv2] [D] [thread 103109] [32.0] [cxt 0] Extracting header 'ipv4'
[10:16:57.768] [bmv2] [D] [thread 103109] [32.0] [cxt 0] Parser state 'parse_ipv4': key is 91
[10:16:57.768] [bmv2] [T] [thread 103109] [32.0] [cxt 0] Bytes parsed: 39
[10:16:57.768] [bmv2] [D] [thread 103109] [32.0] [cxt 0] Parser 'parser' entering state 'parse_kvs'
[10:16:57.768] [bmv2] [D] [thread 103109] [32.0] [cxt 0] Extracting header 'kvs'
[10:16:57.768] [bmv2] [D] [thread 103109] [32.0] [cxt 0] Parser state 'parse_kvs': key is 06
[10:16:57.768] [bmv2] [T] [thread 103109] [32.0] [cxt 0] Bytes parsed: 51
[10:16:57.768] [bmv2] [D] [thread 103109] [32.0] [cxt 0] Parser 'parser' entering state 'parse_tcp'
[10:16:57.768] [bmv2] [D] [thread 103109] [32.0] [cxt 0] Extracting header 'tcp'
[10:16:57.768] [bmv2] [D] [thread 103109] [32.0] [cxt 0] Parser state 'parse_tcp' has no switch, going to default next state
[10:16:57.768] [bmv2] [T] [thread 103109] [32.0] [cxt 0] Bytes parsed: 71
[10:16:57.768] [bmv2] [D] [thread 103109] [32.0] [cxt 0] Parser 'parser': end
[10:16:57.768] [bmv2] [D] [thread 103109] [32.0] [cxt 0] Pipeline 'ingress': start
[10:16:57.768] [bmv2] [T] [thread 103109] [32.0] [cxt 0] ms1.p4(216) Condition "hdr.response[0].isValid()" (node_2) is true
[10:16:57.768] [bmv2] [T] [thread 103109] [32.0] [cxt 0] Applying table 'MyIngress.ipv4_lpm'
[10:16:57.768] [bmv2] [D] [thread 103109] [32.0] [cxt 0] Looking up key:
* hdr.ipv4.dstAddr    : 0a000101

[10:16:57.768] [bmv2] [D] [thread 103109] [32.0] [cxt 0] Table 'MyIngress.ipv4_lpm': hit with handle 0
[10:16:57.768] [bmv2] [D] [thread 103109] [32.0] [cxt 0] Dumping entry 0
Match key:
* hdr.ipv4.dstAddr    : LPM       0a000101/32
Action entry: MyIngress.set_nhop - a000101,1,

[10:16:57.768] [bmv2] [D] [thread 103109] [32.0] [cxt 0] Action entry is MyIngress.set_nhop - a000101,1,
[10:16:57.768] [bmv2] [T] [thread 103109] [32.0] [cxt 0] Action MyIngress.set_nhop
[10:16:57.768] [bmv2] [T] [thread 103109] [32.0] [cxt 0] ms1.p4(148) Primitive hdr.ipv4.dstAddr = dstAddr
[10:16:57.768] [bmv2] [T] [thread 103109] [32.0] [cxt 0] ms1.p4(149) Primitive port_t temp = hdr.tcp.srcPort;
[10:16:57.768] [bmv2] [T] [thread 103109] [32.0] [cxt 0] ms1.p4(150) Primitive hdr.tcp.srcPort = hdr.tcp.dstPort
[10:16:57.768] [bmv2] [T] [thread 103109] [32.0] [cxt 0] ms1.p4(151) Primitive hdr.tcp.dstPort = temp
[10:16:57.768] [bmv2] [T] [thread 103109] [32.0] [cxt 0] ms1.p4(152) Primitive standard_metadata.egress_spec = port
[10:16:57.768] [bmv2] [T] [thread 103109] [32.0] [cxt 0] Applying table 'MyIngress.kvs'
[10:16:57.768] [bmv2] [D] [thread 103109] [32.0] [cxt 0] Looking up key:
* hdr.kvs.op          : 01

[10:16:57.768] [bmv2] [D] [thread 103109] [32.0] [cxt 0] Table 'MyIngress.kvs': hit with handle 0
[10:16:57.768] [bmv2] [D] [thread 103109] [32.0] [cxt 0] Dumping entry 0
Match key:
* hdr.kvs.op          : EXACT     01
Action entry: MyIngress.get - 

[10:16:57.768] [bmv2] [D] [thread 103109] [32.0] [cxt 0] Action entry is MyIngress.get - 
[10:16:57.768] [bmv2] [T] [thread 103109] [32.0] [cxt 0] Action MyIngress.get
[10:16:57.768] [bmv2] [T] [thread 103109] [32.0] [cxt 0] ms1.p4(162) Primitive (bit<32>)hdr.kvs.first + 1025 * ver
[10:16:57.768] [bmv2] [T] [thread 103109] [32.0] [cxt 0] ms1.p4(162) Primitive database.read(hdr.response[0].value, (bit<32>)hdr.kvs.first + 1025 * ver)
[10:16:57.768] [bmv2] [T] [thread 103109] [32.0] [cxt 0] Read register 'MyIngress.database' at index 1 read value 1
[10:16:57.768] [bmv2] [T] [thread 103109] [32.0] [cxt 0] ms1.p4(163) Primitive (bit<32>)(hdr.kvs.first)
[10:16:57.768] [bmv2] [T] [thread 103109] [32.0] [cxt 0] ms1.p4(163) Primitive notNull.read(hdr.response[0].notNull, (bit<32>)(hdr.kvs.first))
[10:16:57.768] [bmv2] [T] [thread 103109] [32.0] [cxt 0] Read register 'MyIngress.notNull' at index 1 read value 1
[10:16:57.768] [bmv2] [T] [thread 103109] [32.0] [cxt 0] ms1.p4(166) Primitive (bit<32>)(hdr.kvs.first)
[10:16:57.768] [bmv2] [T] [thread 103109] [32.0] [cxt 0] ms1.p4(166) Primitive latestVer.read(latest, (bit<32>)(hdr.kvs.first))
[10:16:57.768] [bmv2] [T] [thread 103109] [32.0] [cxt 0] Read register 'MyIngress.latestVer' at index 1 read value 1
[10:16:57.768] [bmv2] [T] [thread 103109] [32.0] [cxt 0] Primitive (no source info)
[10:16:57.768] [bmv2] [D] [thread 103109] [32.0] [cxt 0] Pipeline 'ingress': end
[10:16:57.768] [bmv2] [D] [thread 103109] [32.0] [cxt 0] Egress port is 1
[10:16:57.768] [bmv2] [D] [thread 103111] [32.0] [cxt 0] Pipeline 'egress': start
[10:16:57.768] [bmv2] [T] [thread 103111] [32.0] [cxt 0] ms1.p4(233) Condition "hdr.response[0].isValid() && hdr.kvs.op == 3" (node_7) is false
[10:16:57.769] [bmv2] [D] [thread 103111] [32.0] [cxt 0] Pipeline 'egress': end
[10:16:57.769] [bmv2] [D] [thread 103111] [32.0] [cxt 0] Deparser 'deparser': start
[10:16:57.769] [bmv2] [D] [thread 103111] [32.0] [cxt 0] Updating checksum 'cksum'
[10:16:57.769] [bmv2] [D] [thread 103111] [32.0] [cxt 0] Deparsing header 'ethernet'
[10:16:57.769] [bmv2] [D] [thread 103111] [32.0] [cxt 0] Deparsing header 'response[0]'
[10:16:57.769] [bmv2] [D] [thread 103111] [32.0] [cxt 0] Deparsing header 'ipv4'
[10:16:57.769] [bmv2] [D] [thread 103111] [32.0] [cxt 0] Deparsing header 'kvs'
[10:16:57.769] [bmv2] [D] [thread 103111] [32.0] [cxt 0] Deparsing header 'tcp'
[10:16:57.769] [bmv2] [D] [thread 103111] [32.0] [cxt 0] Deparser 'deparser': end
[10:16:57.769] [bmv2] [D] [thread 103114] [32.0] [cxt 0] Transmitting packet of size 71 out of port 1
[10:17:04.327] [bmv2] [D] [thread 103109] [33.0] [cxt 0] Processing packet received on port 1
[10:17:04.327] [bmv2] [D] [thread 103109] [33.0] [cxt 0] Parser 'parser': start
[10:17:04.327] [bmv2] [D] [thread 103109] [33.0] [cxt 0] Parser 'parser' entering state 'start'
[10:17:04.327] [bmv2] [D] [thread 103109] [33.0] [cxt 0] Extracting header 'ethernet'
[10:17:04.327] [bmv2] [D] [thread 103109] [33.0] [cxt 0] Parser state 'start': key is 1234
[10:17:04.327] [bmv2] [T] [thread 103109] [33.0] [cxt 0] Bytes parsed: 14
[10:17:04.327] [bmv2] [D] [thread 103109] [33.0] [cxt 0] Parser 'parser' entering state 'parse_response'
[10:17:04.327] [bmv2] [D] [thread 103109] [33.0] [cxt 0] Extracting to header stack 0, next header is 6
[10:17:04.328] [bmv2] [D] [thread 103109] [33.0] [cxt 0] Parser state 'parse_response': key is 01
[10:17:04.328] [bmv2] [T] [thread 103109] [33.0] [cxt 0] Bytes parsed: 19
[10:17:04.328] [bmv2] [D] [thread 103109] [33.0] [cxt 0] Parser 'parser' entering state 'parse_ipv4'
[10:17:04.328] [bmv2] [D] [thread 103109] [33.0] [cxt 0] Extracting header 'ipv4'
[10:17:04.328] [bmv2] [D] [thread 103109] [33.0] [cxt 0] Parser state 'parse_ipv4': key is 91
[10:17:04.328] [bmv2] [T] [thread 103109] [33.0] [cxt 0] Bytes parsed: 39
[10:17:04.328] [bmv2] [D] [thread 103109] [33.0] [cxt 0] Parser 'parser' entering state 'parse_kvs'
[10:17:04.328] [bmv2] [D] [thread 103109] [33.0] [cxt 0] Extracting header 'kvs'
[10:17:04.328] [bmv2] [D] [thread 103109] [33.0] [cxt 0] Parser state 'parse_kvs': key is 06
[10:17:04.328] [bmv2] [T] [thread 103109] [33.0] [cxt 0] Bytes parsed: 51
[10:17:04.328] [bmv2] [D] [thread 103109] [33.0] [cxt 0] Parser 'parser' entering state 'parse_tcp'
[10:17:04.328] [bmv2] [D] [thread 103109] [33.0] [cxt 0] Extracting header 'tcp'
[10:17:04.328] [bmv2] [D] [thread 103109] [33.0] [cxt 0] Parser state 'parse_tcp' has no switch, going to default next state
[10:17:04.328] [bmv2] [T] [thread 103109] [33.0] [cxt 0] Bytes parsed: 71
[10:17:04.328] [bmv2] [D] [thread 103109] [33.0] [cxt 0] Parser 'parser': end
[10:17:04.328] [bmv2] [D] [thread 103109] [33.0] [cxt 0] Pipeline 'ingress': start
[10:17:04.328] [bmv2] [T] [thread 103109] [33.0] [cxt 0] ms1.p4(216) Condition "hdr.response[0].isValid()" (node_2) is true
[10:17:04.328] [bmv2] [T] [thread 103109] [33.0] [cxt 0] Applying table 'MyIngress.ipv4_lpm'
[10:17:04.328] [bmv2] [D] [thread 103109] [33.0] [cxt 0] Looking up key:
* hdr.ipv4.dstAddr    : 0a000101

[10:17:04.328] [bmv2] [D] [thread 103109] [33.0] [cxt 0] Table 'MyIngress.ipv4_lpm': hit with handle 0
[10:17:04.328] [bmv2] [D] [thread 103109] [33.0] [cxt 0] Dumping entry 0
Match key:
* hdr.ipv4.dstAddr    : LPM       0a000101/32
Action entry: MyIngress.set_nhop - a000101,1,

[10:17:04.328] [bmv2] [D] [thread 103109] [33.0] [cxt 0] Action entry is MyIngress.set_nhop - a000101,1,
[10:17:04.328] [bmv2] [T] [thread 103109] [33.0] [cxt 0] Action MyIngress.set_nhop
[10:17:04.328] [bmv2] [T] [thread 103109] [33.0] [cxt 0] ms1.p4(148) Primitive hdr.ipv4.dstAddr = dstAddr
[10:17:04.328] [bmv2] [T] [thread 103109] [33.0] [cxt 0] ms1.p4(149) Primitive port_t temp = hdr.tcp.srcPort;
[10:17:04.328] [bmv2] [T] [thread 103109] [33.0] [cxt 0] ms1.p4(150) Primitive hdr.tcp.srcPort = hdr.tcp.dstPort
[10:17:04.328] [bmv2] [T] [thread 103109] [33.0] [cxt 0] ms1.p4(151) Primitive hdr.tcp.dstPort = temp
[10:17:04.328] [bmv2] [T] [thread 103109] [33.0] [cxt 0] ms1.p4(152) Primitive standard_metadata.egress_spec = port
[10:17:04.328] [bmv2] [T] [thread 103109] [33.0] [cxt 0] Applying table 'MyIngress.kvs'
[10:17:04.328] [bmv2] [D] [thread 103109] [33.0] [cxt 0] Looking up key:
* hdr.kvs.op          : 01

[10:17:04.328] [bmv2] [D] [thread 103109] [33.0] [cxt 0] Table 'MyIngress.kvs': hit with handle 0
[10:17:04.328] [bmv2] [D] [thread 103109] [33.0] [cxt 0] Dumping entry 0
Match key:
* hdr.kvs.op          : EXACT     01
Action entry: MyIngress.get - 

[10:17:04.328] [bmv2] [D] [thread 103109] [33.0] [cxt 0] Action entry is MyIngress.get - 
[10:17:04.328] [bmv2] [T] [thread 103109] [33.0] [cxt 0] Action MyIngress.get
[10:17:04.328] [bmv2] [T] [thread 103109] [33.0] [cxt 0] ms1.p4(162) Primitive (bit<32>)hdr.kvs.first + 1025 * ver
[10:17:04.328] [bmv2] [T] [thread 103109] [33.0] [cxt 0] ms1.p4(162) Primitive database.read(hdr.response[0].value, (bit<32>)hdr.kvs.first + 1025 * ver)
[10:17:04.328] [bmv2] [T] [thread 103109] [33.0] [cxt 0] Read register 'MyIngress.database' at index 1026 read value 0
[10:17:04.328] [bmv2] [T] [thread 103109] [33.0] [cxt 0] ms1.p4(163) Primitive (bit<32>)(hdr.kvs.first)
[10:17:04.328] [bmv2] [T] [thread 103109] [33.0] [cxt 0] ms1.p4(163) Primitive notNull.read(hdr.response[0].notNull, (bit<32>)(hdr.kvs.first))
[10:17:04.328] [bmv2] [T] [thread 103109] [33.0] [cxt 0] Read register 'MyIngress.notNull' at index 1 read value 1
[10:17:04.328] [bmv2] [T] [thread 103109] [33.0] [cxt 0] ms1.p4(166) Primitive (bit<32>)(hdr.kvs.first)
[10:17:04.328] [bmv2] [T] [thread 103109] [33.0] [cxt 0] ms1.p4(166) Primitive latestVer.read(latest, (bit<32>)(hdr.kvs.first))
[10:17:04.328] [bmv2] [T] [thread 103109] [33.0] [cxt 0] Read register 'MyIngress.latestVer' at index 1 read value 1
[10:17:04.328] [bmv2] [T] [thread 103109] [33.0] [cxt 0] Primitive (no source info)
[10:17:04.328] [bmv2] [D] [thread 103109] [33.0] [cxt 0] Pipeline 'ingress': end
[10:17:04.328] [bmv2] [D] [thread 103109] [33.0] [cxt 0] Egress port is 1
[10:17:04.328] [bmv2] [D] [thread 103111] [33.0] [cxt 0] Pipeline 'egress': start
[10:17:04.328] [bmv2] [T] [thread 103111] [33.0] [cxt 0] ms1.p4(233) Condition "hdr.response[0].isValid() && hdr.kvs.op == 3" (node_7) is false
[10:17:04.328] [bmv2] [D] [thread 103111] [33.0] [cxt 0] Pipeline 'egress': end
[10:17:04.328] [bmv2] [D] [thread 103111] [33.0] [cxt 0] Deparser 'deparser': start
[10:17:04.328] [bmv2] [D] [thread 103111] [33.0] [cxt 0] Updating checksum 'cksum'
[10:17:04.328] [bmv2] [D] [thread 103111] [33.0] [cxt 0] Deparsing header 'ethernet'
[10:17:04.328] [bmv2] [D] [thread 103111] [33.0] [cxt 0] Deparsing header 'response[0]'
[10:17:04.328] [bmv2] [D] [thread 103111] [33.0] [cxt 0] Deparsing header 'ipv4'
[10:17:04.328] [bmv2] [D] [thread 103111] [33.0] [cxt 0] Deparsing header 'kvs'
[10:17:04.328] [bmv2] [D] [thread 103111] [33.0] [cxt 0] Deparsing header 'tcp'
[10:17:04.328] [bmv2] [D] [thread 103111] [33.0] [cxt 0] Deparser 'deparser': end
[10:17:04.328] [bmv2] [D] [thread 103114] [33.0] [cxt 0] Transmitting packet of size 71 out of port 1
